[ 2016-04-01T00:01:02+08:00 ] 127.0.0.1 /wsgz/home/personal/watercompany.html
INFO: [ app_init ] --START--
INFO: Run Behavior\BuildLiteBehavior [ RunTime:0.000000s ]
INFO: [ app_init ] --END-- [ RunTime:0.001000s ]

[ 2016-04-01T00:02:49+08:00 ] 127.0.0.1 /wsgz/home/personal/watercompany.html
INFO: [ app_init ] --START--
INFO: Run Behavior\BuildLiteBehavior [ RunTime:0.000000s ]
INFO: [ app_init ] --END-- [ RunTime:0.001000s ]

[ 2016-04-01T00:04:15+08:00 ] 127.0.0.1 /wsgz/home/personal/watercompany.html
INFO: [ app_init ] --START--
INFO: Run Behavior\BuildLiteBehavior [ RunTime:0.000000s ]
INFO: [ app_init ] --END-- [ RunTime:0.002000s ]

[ 2016-04-01T00:04:15+08:00 ] 127.0.0.1 /wsgz/home/personal/companyadd.html
INFO: [ app_init ] --START--
INFO: Run Behavior\BuildLiteBehavior [ RunTime:0.000000s ]
INFO: [ app_init ] --END-- [ RunTime:0.001000s ]

[ 2016-04-01T00:06:49+08:00 ] 127.0.0.1 /wsgz/home/personal/companyadd.html
INFO: [ app_init ] --START--
INFO: Run Behavior\BuildLiteBehavior [ RunTime:0.000000s ]
INFO: [ app_init ] --END-- [ RunTime:0.002000s ]

[ 2016-04-01T00:07:28+08:00 ] 127.0.0.1 /wsgz/home/personal/companyadd_fun.html
INFO: [ app_init ] --START--
INFO: Run Behavior\BuildLiteBehavior [ RunTime:0.000000s ]
INFO: [ app_init ] --END-- [ RunTime:0.001000s ]

[ 2016-04-01T00:07:56+08:00 ] 127.0.0.1 /wsgz/home/personal/companyadd_fun.html
INFO: [ app_init ] --START--
INFO: Run Behavior\BuildLiteBehavior [ RunTime:0.000000s ]
INFO: [ app_init ] --END-- [ RunTime:0.001000s ]

[ 2016-04-01T00:07:57+08:00 ] 127.0.0.1 /wsgz/home/personal/watercompany.html
INFO: [ app_init ] --START--
INFO: Run Behavior\BuildLiteBehavior [ RunTime:0.000000s ]
INFO: [ app_init ] --END-- [ RunTime:0.001000s ]

[ 2016-04-01T00:10:40+08:00 ] 127.0.0.1 /wsgz/home/personal/watercompany.html
INFO: [ app_init ] --START--
INFO: Run Behavior\BuildLiteBehavior [ RunTime:0.000000s ]
INFO: [ app_init ] --END-- [ RunTime:0.002000s ]

[ 2016-04-01T00:10:40+08:00 ] 127.0.0.1 /wsgz/home/personal/companyres/id/2.html
INFO: [ app_init ] --START--
INFO: Run Behavior\BuildLiteBehavior [ RunTime:0.000000s ]
INFO: [ app_init ] --END-- [ RunTime:0.001000s ]

[ 2016-04-01T00:10:46+08:00 ] 127.0.0.1 /wsgz/home/personal/watercompany.html
INFO: [ app_init ] --START--
INFO: Run Behavior\BuildLiteBehavior [ RunTime:0.000000s ]
INFO: [ app_init ] --END-- [ RunTime:0.001000s ]

[ 2016-04-01T00:12:00+08:00 ] 127.0.0.1 /wsgz/home/personal/watercompany.html
INFO: [ app_init ] --START--
INFO: Run Behavior\BuildLiteBehavior [ RunTime:0.000000s ]
INFO: [ app_init ] --END-- [ RunTime:0.001000s ]

[ 2016-04-01T00:12:01+08:00 ] 127.0.0.1 /wsgz/home/personal/companyadd.html
INFO: [ app_init ] --START--
INFO: Run Behavior\BuildLiteBehavior [ RunTime:0.001000s ]
INFO: [ app_init ] --END-- [ RunTime:0.002000s ]

[ 2016-04-01T00:12:06+08:00 ] 127.0.0.1 /wsgz/home/personal/companyadd_fun.html
INFO: [ app_init ] --START--
INFO: Run Behavior\BuildLiteBehavior [ RunTime:0.000000s ]
INFO: [ app_init ] --END-- [ RunTime:0.001000s ]

[ 2016-04-01T00:12:07+08:00 ] 127.0.0.1 /wsgz/home/personal/watercompany.html
INFO: [ app_init ] --START--
INFO: Run Behavior\BuildLiteBehavior [ RunTime:0.000000s ]
INFO: [ app_init ] --END-- [ RunTime:0.002000s ]

[ 2016-04-01T00:12:09+08:00 ] 127.0.0.1 /wsgz/home/personal/companyres/id/3.html
INFO: [ app_init ] --START--
INFO: Run Behavior\BuildLiteBehavior [ RunTime:0.000000s ]
INFO: [ app_init ] --END-- [ RunTime:0.001000s ]

[ 2016-04-01T00:12:14+08:00 ] 127.0.0.1 /wsgz/home/personal/companyres_fun.html
INFO: [ app_init ] --START--
INFO: Run Behavior\BuildLiteBehavior [ RunTime:0.000000s ]
INFO: [ app_init ] --END-- [ RunTime:0.001000s ]

[ 2016-04-01T00:12:15+08:00 ] 127.0.0.1 /wsgz/home/personal/watercompany.html
INFO: [ app_init ] --START--
INFO: Run Behavior\BuildLiteBehavior [ RunTime:0.000000s ]
INFO: [ app_init ] --END-- [ RunTime:0.001000s ]

[ 2016-04-01T00:12:17+08:00 ] 127.0.0.1 /wsgz/home/personal/companyres/id/3.html
INFO: [ app_init ] --START--
INFO: Run Behavior\BuildLiteBehavior [ RunTime:0.000000s ]
INFO: [ app_init ] --END-- [ RunTime:0.002000s ]

[ 2016-04-01T00:13:23+08:00 ] 127.0.0.1 /wsgz/home/personal/watercompany.html
INFO: [ app_init ] --START--
INFO: Run Behavior\BuildLiteBehavior [ RunTime:0.000000s ]
INFO: [ app_init ] --END-- [ RunTime:0.001000s ]

[ 2016-04-01T00:13:24+08:00 ] 127.0.0.1 /wsgz/home/personal/companyres/id/3.html
INFO: [ app_init ] --START--
INFO: Run Behavior\BuildLiteBehavior [ RunTime:0.000000s ]
INFO: [ app_init ] --END-- [ RunTime:0.002001s ]

[ 2016-04-01T00:13:26+08:00 ] 127.0.0.1 /wsgz/home/personal/companyres_fun.html
INFO: [ app_init ] --START--
INFO: Run Behavior\BuildLiteBehavior [ RunTime:0.000000s ]
INFO: [ app_init ] --END-- [ RunTime:0.001000s ]

[ 2016-04-01T00:13:30+08:00 ] 127.0.0.1 /wsgz/home/personal/watercompany.html
INFO: [ app_init ] --START--
INFO: Run Behavior\BuildLiteBehavior [ RunTime:0.000000s ]
INFO: [ app_init ] --END-- [ RunTime:0.001000s ]

[ 2016-04-01T00:13:34+08:00 ] 127.0.0.1 /wsgz/home/personal/companyres/id/3.html
INFO: [ app_init ] --START--
INFO: Run Behavior\BuildLiteBehavior [ RunTime:0.000000s ]
INFO: [ app_init ] --END-- [ RunTime:0.000000s ]

[ 2016-04-01T00:13:38+08:00 ] 127.0.0.1 /wsgz/home/personal/companyres_fun.html
INFO: [ app_init ] --START--
INFO: Run Behavior\BuildLiteBehavior [ RunTime:0.000000s ]
INFO: [ app_init ] --END-- [ RunTime:0.001000s ]

[ 2016-04-01T00:13:41+08:00 ] 127.0.0.1 /wsgz/home/personal/watercompany.html
INFO: [ app_init ] --START--
INFO: Run Behavior\BuildLiteBehavior [ RunTime:0.000000s ]
INFO: [ app_init ] --END-- [ RunTime:0.001000s ]

[ 2016-04-01T00:14:10+08:00 ] 127.0.0.1 /wsgz/home/personal/watercompany.html
INFO: [ app_init ] --START--
INFO: Run Behavior\BuildLiteBehavior [ RunTime:0.000000s ]
INFO: [ app_init ] --END-- [ RunTime:0.001000s ]

[ 2016-04-01T00:14:11+08:00 ] 127.0.0.1 /wsgz/home/personal/companyres/id/3.html
INFO: [ app_init ] --START--
INFO: Run Behavior\BuildLiteBehavior [ RunTime:0.000000s ]
INFO: [ app_init ] --END-- [ RunTime:0.001000s ]

[ 2016-04-01T00:14:13+08:00 ] 127.0.0.1 /wsgz/home/personal/companyres_fun.html
INFO: [ app_init ] --START--
INFO: Run Behavior\BuildLiteBehavior [ RunTime:0.000000s ]
INFO: [ app_init ] --END-- [ RunTime:0.001000s ]

[ 2016-04-01T00:14:15+08:00 ] 127.0.0.1 /wsgz/home/personal/watercompany.html
INFO: [ app_init ] --START--
INFO: Run Behavior\BuildLiteBehavior [ RunTime:0.000000s ]
INFO: [ app_init ] --END-- [ RunTime:0.002000s ]

[ 2016-04-01T00:14:24+08:00 ] 127.0.0.1 /wsgz/home/personal/companydel/id/3.html
INFO: [ app_init ] --START--
INFO: Run Behavior\BuildLiteBehavior [ RunTime:0.000000s ]
INFO: [ app_init ] --END-- [ RunTime:0.001000s ]

[ 2016-04-01T00:14:26+08:00 ] 127.0.0.1 /wsgz/home/personal/watercompany.html
INFO: [ app_init ] --START--
INFO: Run Behavior\BuildLiteBehavior [ RunTime:0.000000s ]
INFO: [ app_init ] --END-- [ RunTime:0.001000s ]

[ 2016-04-01T00:16:23+08:00 ] 127.0.0.1 /wsgz/home/index/infoshow.html
INFO: [ app_init ] --START--
INFO: Run Behavior\BuildLiteBehavior [ RunTime:0.000000s ]
INFO: [ app_init ] --END-- [ RunTime:0.001000s ]

[ 2016-04-01T00:16:58+08:00 ] 127.0.0.1 /wsgz/home/personal/watercompany.html
INFO: [ app_init ] --START--
INFO: Run Behavior\BuildLiteBehavior [ RunTime:0.000000s ]
INFO: [ app_init ] --END-- [ RunTime:0.003000s ]

[ 2016-04-01T00:17:00+08:00 ] 127.0.0.1 /wsgz/home/personal/waterproject.html
INFO: [ app_init ] --START--
INFO: Run Behavior\BuildLiteBehavior [ RunTime:0.000000s ]
INFO: [ app_init ] --END-- [ RunTime:0.001000s ]

[ 2016-04-01T00:17:05+08:00 ] 127.0.0.1 /wsgz/home/personal/pwdfix.html
INFO: [ app_init ] --START--
INFO: Run Behavior\BuildLiteBehavior [ RunTime:0.000000s ]
INFO: [ app_init ] --END-- [ RunTime:0.002000s ]

[ 2016-04-01T00:17:19+08:00 ] 127.0.0.1 /wsgz/home/personal/pwdfix.html
INFO: [ app_init ] --START--
INFO: Run Behavior\BuildLiteBehavior [ RunTime:0.000000s ]
INFO: [ app_init ] --END-- [ RunTime:0.001000s ]

[ 2016-04-01T00:17:20+08:00 ] 127.0.0.1 /wsgz/home/personal/pwdfix.html
INFO: [ app_init ] --START--
INFO: Run Behavior\BuildLiteBehavior [ RunTime:0.000000s ]
INFO: [ app_init ] --END-- [ RunTime:0.001000s ]

[ 2016-04-01T00:17:22+08:00 ] 127.0.0.1 /wsgz/home/index/index.html
INFO: [ app_init ] --START--
INFO: Run Behavior\BuildLiteBehavior [ RunTime:0.000000s ]
INFO: [ app_init ] --END-- [ RunTime:0.001000s ]

[ 2016-04-01T00:17:38+08:00 ] 127.0.0.1 /wsgz/home/personal/index.html
INFO: [ app_init ] --START--
INFO: Run Behavior\BuildLiteBehavior [ RunTime:0.000000s ]
INFO: [ app_init ] --END-- [ RunTime:0.001000s ]

[ 2016-04-01T00:18:05+08:00 ] 127.0.0.1 /wsgz/home/personal/articlelist.html
INFO: [ app_init ] --START--
INFO: Run Behavior\BuildLiteBehavior [ RunTime:0.000000s ]
INFO: [ app_init ] --END-- [ RunTime:0.001000s ]

[ 2016-04-01T00:18:06+08:00 ] 127.0.0.1 /wsgz/home/personal/articleadd.html
INFO: [ app_init ] --START--
INFO: Run Behavior\BuildLiteBehavior [ RunTime:0.000000s ]
INFO: [ app_init ] --END-- [ RunTime:0.001000s ]

[ 2016-04-01T00:21:44+08:00 ] 127.0.0.1 /wsgz/home/personal/articleadd_fun.html
INFO: [ app_init ] --START--
INFO: Run Behavior\BuildLiteBehavior [ RunTime:0.000000s ]
INFO: [ app_init ] --END-- [ RunTime:0.001000s ]

[ 2016-04-01T00:21:45+08:00 ] 127.0.0.1 /wsgz/home/personal/articlelist.html
INFO: [ app_init ] --START--
INFO: Run Behavior\BuildLiteBehavior [ RunTime:0.000000s ]
INFO: [ app_init ] --END-- [ RunTime:0.001000s ]

[ 2016-04-01T00:22:04+08:00 ] 127.0.0.1 /wsgz/home/personal/articleadd.html
INFO: [ app_init ] --START--
INFO: Run Behavior\BuildLiteBehavior [ RunTime:0.000000s ]
INFO: [ app_init ] --END-- [ RunTime:0.002000s ]

[ 2016-04-01T00:22:40+08:00 ] 127.0.0.1 /wsgz/home/personal/articleadd_fun.html
INFO: [ app_init ] --START--
INFO: Run Behavior\BuildLiteBehavior [ RunTime:0.000000s ]
INFO: [ app_init ] --END-- [ RunTime:0.000000s ]

[ 2016-04-01T00:22:41+08:00 ] 127.0.0.1 /wsgz/home/personal/articlelist.html
INFO: [ app_init ] --START--
INFO: Run Behavior\BuildLiteBehavior [ RunTime:0.000000s ]
INFO: [ app_init ] --END-- [ RunTime:0.001000s ]

[ 2016-04-01T00:22:44+08:00 ] 127.0.0.1 /wsgz/home/personal/articleres/id/3.html
INFO: [ app_init ] --START--
INFO: Run Behavior\BuildLiteBehavior [ RunTime:0.000000s ]
INFO: [ app_init ] --END-- [ RunTime:0.001001s ]

[ 2016-04-01T00:22:48+08:00 ] 127.0.0.1 /wsgz/home/personal/articleres_fun.html
INFO: [ app_init ] --START--
INFO: Run Behavior\BuildLiteBehavior [ RunTime:0.000000s ]
INFO: [ app_init ] --END-- [ RunTime:0.001000s ]

[ 2016-04-01T00:22:49+08:00 ] 127.0.0.1 /wsgz/home/personal/articlelist.html
INFO: [ app_init ] --START--
INFO: Run Behavior\BuildLiteBehavior [ RunTime:0.000000s ]
INFO: [ app_init ] --END-- [ RunTime:0.001000s ]

[ 2016-04-01T00:22:53+08:00 ] 127.0.0.1 /wsgz/home/news/news.html
INFO: [ app_init ] --START--
INFO: Run Behavior\BuildLiteBehavior [ RunTime:0.000000s ]
INFO: [ app_init ] --END-- [ RunTime:0.001000s ]

[ 2016-04-01T00:22:53+08:00 ] 127.0.0.1 /wsgz/home/news/class=%22img-responsive%22
INFO: [ app_init ] --START--
INFO: Run Behavior\BuildLiteBehavior [ RunTime:0.000000s ]
INFO: [ app_init ] --END-- [ RunTime:0.002000s ]
ERR: 非法操作:class="img-responsive"

[ 2016-04-01T00:22:58+08:00 ] 127.0.0.1 /wsgz/home/news/newshow/id/4.html
INFO: [ app_init ] --START--
INFO: Run Behavior\BuildLiteBehavior [ RunTime:0.000000s ]
INFO: [ app_init ] --END-- [ RunTime:0.001000s ]

[ 2016-04-01T00:22:58+08:00 ] 127.0.0.1 /wsgz/home/news/newshow/id/class=%22img-responsive
INFO: [ app_init ] --START--
INFO: Run Behavior\BuildLiteBehavior [ RunTime:0.000000s ]
INFO: [ app_init ] --END-- [ RunTime:0.001000s ]

[ 2016-04-01T00:23:01+08:00 ] 127.0.0.1 /wsgz/home/news/class=%22img-responsive%22
INFO: [ app_init ] --START--
INFO: Run Behavior\BuildLiteBehavior [ RunTime:0.000000s ]
INFO: [ app_init ] --END-- [ RunTime:0.002000s ]
ERR: 非法操作:class="img-responsive"

[ 2016-04-01T00:23:03+08:00 ] 127.0.0.1 /wsgz/home/news/newshow/id/3.html
INFO: [ app_init ] --START--
INFO: Run Behavior\BuildLiteBehavior [ RunTime:0.000000s ]
INFO: [ app_init ] --END-- [ RunTime:0.001000s ]

[ 2016-04-01T00:23:04+08:00 ] 127.0.0.1 /wsgz/home/news/newshow/id/class=%22img-responsive
INFO: [ app_init ] --START--
INFO: Run Behavior\BuildLiteBehavior [ RunTime:0.000000s ]
INFO: [ app_init ] --END-- [ RunTime:0.001000s ]

[ 2016-04-01T00:23:07+08:00 ] 127.0.0.1 /wsgz/home/news/class=%22img-responsive%22
INFO: [ app_init ] --START--
INFO: Run Behavior\BuildLiteBehavior [ RunTime:0.000000s ]
INFO: [ app_init ] --END-- [ RunTime:0.001000s ]
ERR: 非法操作:class="img-responsive"

[ 2016-04-01T00:23:26+08:00 ] 127.0.0.1 /wsgz/home/personal/index.html
INFO: [ app_init ] --START--
INFO: Run Behavior\BuildLiteBehavior [ RunTime:0.000000s ]
INFO: [ app_init ] --END-- [ RunTime:0.000000s ]

[ 2016-04-01T00:23:31+08:00 ] 127.0.0.1 /wsgz/home/personal/articlelist.html
INFO: [ app_init ] --START--
INFO: Run Behavior\BuildLiteBehavior [ RunTime:0.000000s ]
INFO: [ app_init ] --END-- [ RunTime:0.001000s ]

[ 2016-04-01T00:23:32+08:00 ] 127.0.0.1 /wsgz/home/personal/articleadd.html
INFO: [ app_init ] --START--
INFO: Run Behavior\BuildLiteBehavior [ RunTime:0.000000s ]
INFO: [ app_init ] --END-- [ RunTime:0.002000s ]

[ 2016-04-01T00:24:07+08:00 ] 127.0.0.1 /wsgz/home/personal/articleadd_fun.html
INFO: [ app_init ] --START--
INFO: Run Behavior\BuildLiteBehavior [ RunTime:0.000000s ]
INFO: [ app_init ] --END-- [ RunTime:0.001000s ]

[ 2016-04-01T00:24:08+08:00 ] 127.0.0.1 /wsgz/home/personal/articlelist.html
INFO: [ app_init ] --START--
INFO: Run Behavior\BuildLiteBehavior [ RunTime:0.000000s ]
INFO: [ app_init ] --END-- [ RunTime:0.001000s ]

[ 2016-04-01T00:24:21+08:00 ] 127.0.0.1 /wsgz/home/personal/articleadd.html
INFO: [ app_init ] --START--
INFO: Run Behavior\BuildLiteBehavior [ RunTime:0.000000s ]
INFO: [ app_init ] --END-- [ RunTime:0.001000s ]

[ 2016-04-01T00:24:44+08:00 ] 127.0.0.1 /wsgz/home/personal/articleadd_fun.html
INFO: [ app_init ] --START--
INFO: Run Behavior\BuildLiteBehavior [ RunTime:0.000000s ]
INFO: [ app_init ] --END-- [ RunTime:0.001000s ]

[ 2016-04-01T00:24:46+08:00 ] 127.0.0.1 /wsgz/home/personal/articlelist.html
INFO: [ app_init ] --START--
INFO: Run Behavior\BuildLiteBehavior [ RunTime:0.000000s ]
INFO: [ app_init ] --END-- [ RunTime:0.001000s ]

[ 2016-04-01T00:24:57+08:00 ] 127.0.0.1 /wsgz/home/personal/articleadd.html
INFO: [ app_init ] --START--
INFO: Run Behavior\BuildLiteBehavior [ RunTime:0.000000s ]
INFO: [ app_init ] --END-- [ RunTime:0.002000s ]

[ 2016-04-01T00:25:20+08:00 ] 127.0.0.1 /wsgz/home/personal/articleadd_fun.html
INFO: [ app_init ] --START--
INFO: Run Behavior\BuildLiteBehavior [ RunTime:0.000000s ]
INFO: [ app_init ] --END-- [ RunTime:0.001000s ]

[ 2016-04-01T00:25:21+08:00 ] 127.0.0.1 /wsgz/home/personal/articlelist.html
INFO: [ app_init ] --START--
INFO: Run Behavior\BuildLiteBehavior [ RunTime:0.000000s ]
INFO: [ app_init ] --END-- [ RunTime:0.001000s ]

[ 2016-04-01T00:25:36+08:00 ] 127.0.0.1 /wsgz/home/personal/articleadd.html
INFO: [ app_init ] --START--
INFO: Run Behavior\BuildLiteBehavior [ RunTime:0.000000s ]
INFO: [ app_init ] --END-- [ RunTime:0.002000s ]

[ 2016-04-01T00:25:54+08:00 ] 127.0.0.1 /wsgz/home/personal/articleadd_fun.html
INFO: [ app_init ] --START--
INFO: Run Behavior\BuildLiteBehavior [ RunTime:0.000000s ]
INFO: [ app_init ] --END-- [ RunTime:0.001000s ]

[ 2016-04-01T00:25:55+08:00 ] 127.0.0.1 /wsgz/home/personal/articlelist.html
INFO: [ app_init ] --START--
INFO: Run Behavior\BuildLiteBehavior [ RunTime:0.000000s ]
INFO: [ app_init ] --END-- [ RunTime:0.002000s ]

[ 2016-04-01T00:26:08+08:00 ] 127.0.0.1 /wsgz/home/personal/articleadd.html
INFO: [ app_init ] --START--
INFO: Run Behavior\BuildLiteBehavior [ RunTime:0.000000s ]
INFO: [ app_init ] --END-- [ RunTime:0.002000s ]

[ 2016-04-01T00:26:25+08:00 ] 127.0.0.1 /wsgz/home/personal/articleadd_fun.html
INFO: [ app_init ] --START--
INFO: Run Behavior\BuildLiteBehavior [ RunTime:0.000000s ]
INFO: [ app_init ] --END-- [ RunTime:0.001000s ]

[ 2016-04-01T00:26:27+08:00 ] 127.0.0.1 /wsgz/home/personal/articlelist.html
INFO: [ app_init ] --START--
INFO: Run Behavior\BuildLiteBehavior [ RunTime:0.000000s ]
INFO: [ app_init ] --END-- [ RunTime:0.001001s ]

[ 2016-04-01T00:26:37+08:00 ] 127.0.0.1 /wsgz/home/personal/articleadd.html
INFO: [ app_init ] --START--
INFO: Run Behavior\BuildLiteBehavior [ RunTime:0.001000s ]
INFO: [ app_init ] --END-- [ RunTime:0.003000s ]

[ 2016-04-01T00:26:57+08:00 ] 127.0.0.1 /wsgz/home/personal/articleadd_fun.html
INFO: [ app_init ] --START--
INFO: Run Behavior\BuildLiteBehavior [ RunTime:0.000000s ]
INFO: [ app_init ] --END-- [ RunTime:0.001000s ]

[ 2016-04-01T00:26:58+08:00 ] 127.0.0.1 /wsgz/home/personal/articlelist.html
INFO: [ app_init ] --START--
INFO: Run Behavior\BuildLiteBehavior [ RunTime:0.000000s ]
INFO: [ app_init ] --END-- [ RunTime:0.001000s ]

[ 2016-04-01T00:27:10+08:00 ] 127.0.0.1 /wsgz/home/personal/articleadd.html
INFO: [ app_init ] --START--
INFO: Run Behavior\BuildLiteBehavior [ RunTime:0.000000s ]
INFO: [ app_init ] --END-- [ RunTime:0.004000s ]

[ 2016-04-01T00:27:31+08:00 ] 127.0.0.1 /wsgz/home/personal/articleadd_fun.html
INFO: [ app_init ] --START--
INFO: Run Behavior\BuildLiteBehavior [ RunTime:0.000000s ]
INFO: [ app_init ] --END-- [ RunTime:0.002000s ]

[ 2016-04-01T00:27:32+08:00 ] 127.0.0.1 /wsgz/home/personal/articlelist.html
INFO: [ app_init ] --START--
INFO: Run Behavior\BuildLiteBehavior [ RunTime:0.000000s ]
INFO: [ app_init ] --END-- [ RunTime:0.001000s ]

[ 2016-04-01T00:27:42+08:00 ] 127.0.0.1 /wsgz/home/personal/articleadd.html
INFO: [ app_init ] --START--
INFO: Run Behavior\BuildLiteBehavior [ RunTime:0.000000s ]
INFO: [ app_init ] --END-- [ RunTime:0.002000s ]

[ 2016-04-01T00:28:05+08:00 ] 127.0.0.1 /wsgz/home/personal/articleadd_fun.html
INFO: [ app_init ] --START--
INFO: Run Behavior\BuildLiteBehavior [ RunTime:0.000000s ]
INFO: [ app_init ] --END-- [ RunTime:0.001000s ]

[ 2016-04-01T00:28:06+08:00 ] 127.0.0.1 /wsgz/home/personal/articlelist.html
INFO: [ app_init ] --START--
INFO: Run Behavior\BuildLiteBehavior [ RunTime:0.000000s ]
INFO: [ app_init ] --END-- [ RunTime:0.000000s ]

[ 2016-04-01T00:28:18+08:00 ] 127.0.0.1 /wsgz/home/personal/articleadd.html
INFO: [ app_init ] --START--
INFO: Run Behavior\BuildLiteBehavior [ RunTime:0.000000s ]
INFO: [ app_init ] --END-- [ RunTime:0.001000s ]

[ 2016-04-01T00:28:34+08:00 ] 127.0.0.1 /wsgz/home/personal/articleadd_fun.html
INFO: [ app_init ] --START--
INFO: Run Behavior\BuildLiteBehavior [ RunTime:0.000000s ]
INFO: [ app_init ] --END-- [ RunTime:0.002000s ]

[ 2016-04-01T00:28:35+08:00 ] 127.0.0.1 /wsgz/home/personal/articlelist.html
INFO: [ app_init ] --START--
INFO: Run Behavior\BuildLiteBehavior [ RunTime:0.000000s ]
INFO: [ app_init ] --END-- [ RunTime:0.002000s ]

[ 2016-04-01T00:28:51+08:00 ] 127.0.0.1 /wsgz/home/personal/articleadd.html
INFO: [ app_init ] --START--
INFO: Run Behavior\BuildLiteBehavior [ RunTime:0.000000s ]
INFO: [ app_init ] --END-- [ RunTime:0.001000s ]

[ 2016-04-01T00:29:11+08:00 ] 127.0.0.1 /wsgz/home/personal/articleadd_fun.html
INFO: [ app_init ] --START--
INFO: Run Behavior\BuildLiteBehavior [ RunTime:0.000000s ]
INFO: [ app_init ] --END-- [ RunTime:0.001000s ]

[ 2016-04-01T00:29:12+08:00 ] 127.0.0.1 /wsgz/home/personal/articlelist.html
INFO: [ app_init ] --START--
INFO: Run Behavior\BuildLiteBehavior [ RunTime:0.000000s ]
INFO: [ app_init ] --END-- [ RunTime:0.001000s ]

[ 2016-04-01T00:29:28+08:00 ] 127.0.0.1 /wsgz/home/personal/articleadd.html
INFO: [ app_init ] --START--
INFO: Run Behavior\BuildLiteBehavior [ RunTime:0.000000s ]
INFO: [ app_init ] --END-- [ RunTime:0.001000s ]

[ 2016-04-01T00:29:47+08:00 ] 127.0.0.1 /wsgz/home/personal/articleadd_fun.html
INFO: [ app_init ] --START--
INFO: Run Behavior\BuildLiteBehavior [ RunTime:0.000000s ]
INFO: [ app_init ] --END-- [ RunTime:0.001000s ]

[ 2016-04-01T00:29:48+08:00 ] 127.0.0.1 /wsgz/home/personal/articlelist.html
INFO: [ app_init ] --START--
INFO: Run Behavior\BuildLiteBehavior [ RunTime:0.000000s ]
INFO: [ app_init ] --END-- [ RunTime:0.001000s ]

[ 2016-04-01T00:29:50+08:00 ] 127.0.0.1 /wsgz/home/personal/articlelist/p/2.html
INFO: [ app_init ] --START--
INFO: Run Behavior\BuildLiteBehavior [ RunTime:0.000000s ]
INFO: [ app_init ] --END-- [ RunTime:0.002000s ]

[ 2016-04-01T00:29:51+08:00 ] 127.0.0.1 /wsgz/home/news/news.html
INFO: [ app_init ] --START--
INFO: Run Behavior\BuildLiteBehavior [ RunTime:0.000000s ]
INFO: [ app_init ] --END-- [ RunTime:0.000000s ]

[ 2016-04-01T00:29:52+08:00 ] 127.0.0.1 /wsgz/home/news/class=%22img-responsive%22
INFO: [ app_init ] --START--
INFO: Run Behavior\BuildLiteBehavior [ RunTime:0.000000s ]
INFO: [ app_init ] --END-- [ RunTime:0.001000s ]
ERR: 非法操作:class="img-responsive"

[ 2016-04-01T00:31:03+08:00 ] 127.0.0.1 /wsgz/home/news/news.html
INFO: [ app_init ] --START--
INFO: Run Behavior\BuildLiteBehavior [ RunTime:0.000000s ]
INFO: [ app_init ] --END-- [ RunTime:0.001000s ]

[ 2016-04-01T00:31:03+08:00 ] 127.0.0.1 /wsgz/home/news/class=%22img-responsive%22
INFO: [ app_init ] --START--
INFO: Run Behavior\BuildLiteBehavior [ RunTime:0.000000s ]
INFO: [ app_init ] --END-- [ RunTime:0.001000s ]
ERR: 非法操作:class="img-responsive"

[ 2016-04-01T00:31:27+08:00 ] 127.0.0.1 /wsgz/home/news/news.html
INFO: [ app_init ] --START--
INFO: Run Behavior\BuildLiteBehavior [ RunTime:0.000000s ]
INFO: [ app_init ] --END-- [ RunTime:0.001000s ]

[ 2016-04-01T00:31:31+08:00 ] 127.0.0.1 /wsgz/home/news/newshow/id/6.html
INFO: [ app_init ] --START--
INFO: Run Behavior\BuildLiteBehavior [ RunTime:0.000000s ]
INFO: [ app_init ] --END-- [ RunTime:0.001000s ]

[ 2016-04-01T00:31:31+08:00 ] 127.0.0.1 /wsgz/home/news/newshow/id/class=%22img-responsive
INFO: [ app_init ] --START--
INFO: Run Behavior\BuildLiteBehavior [ RunTime:0.000000s ]
INFO: [ app_init ] --END-- [ RunTime:0.001000s ]

[ 2016-04-01T00:31:38+08:00 ] 127.0.0.1 /wsgz/home/news/news.html
INFO: [ app_init ] --START--
INFO: Run Behavior\BuildLiteBehavior [ RunTime:0.000000s ]
INFO: [ app_init ] --END-- [ RunTime:0.001000s ]

[ 2016-04-01T00:31:42+08:00 ] 127.0.0.1 /wsgz/home/index/index.html
INFO: [ app_init ] --START--
INFO: Run Behavior\BuildLiteBehavior [ RunTime:0.000000s ]
INFO: [ app_init ] --END-- [ RunTime:0.001000s ]

[ 2016-04-01T00:32:00+08:00 ] 127.0.0.1 /wsgz/home/index/index.html
INFO: [ app_init ] --START--
INFO: Run Behavior\BuildLiteBehavior [ RunTime:0.001000s ]
INFO: [ app_init ] --END-- [ RunTime:0.001000s ]

[ 2016-04-01T00:32:04+08:00 ] 127.0.0.1 /wsgz/home/index/index.html
INFO: [ app_init ] --START--
INFO: Run Behavior\BuildLiteBehavior [ RunTime:0.000000s ]
INFO: [ app_init ] --END-- [ RunTime:0.002000s ]

[ 2016-04-01T00:32:10+08:00 ] 127.0.0.1 /wsgz/home/news/newshow/id/2.html
INFO: [ app_init ] --START--
INFO: Run Behavior\BuildLiteBehavior [ RunTime:0.000000s ]
INFO: [ app_init ] --END-- [ RunTime:0.001000s ]

[ 2016-04-01T00:32:13+08:00 ] 127.0.0.1 /wsgz/home/news/newshow/id/15.html
INFO: [ app_init ] --START--
INFO: Run Behavior\BuildLiteBehavior [ RunTime:0.000000s ]
INFO: [ app_init ] --END-- [ RunTime:0.005000s ]

[ 2016-04-01T00:32:13+08:00 ] 127.0.0.1 /wsgz/home/news/newshow/id/class=%22img-responsive
INFO: [ app_init ] --START--
INFO: Run Behavior\BuildLiteBehavior [ RunTime:0.000000s ]
INFO: [ app_init ] --END-- [ RunTime:0.003000s ]

[ 2016-04-01T00:32:16+08:00 ] 127.0.0.1 /wsgz/home/news/newshow/id/15.html
INFO: [ app_init ] --START--
INFO: Run Behavior\BuildLiteBehavior [ RunTime:0.000000s ]
INFO: [ app_init ] --END-- [ RunTime:0.001000s ]

[ 2016-04-01T00:32:17+08:00 ] 127.0.0.1 /wsgz/home/news/newshow/id/class=%22img-responsive
INFO: [ app_init ] --START--
INFO: Run Behavior\BuildLiteBehavior [ RunTime:0.000000s ]
INFO: [ app_init ] --END-- [ RunTime:0.002000s ]

[ 2016-04-01T00:32:19+08:00 ] 127.0.0.1 /wsgz/home/index/index.html
INFO: [ app_init ] --START--
INFO: Run Behavior\BuildLiteBehavior [ RunTime:0.000000s ]
INFO: [ app_init ] --END-- [ RunTime:0.001000s ]

[ 2016-04-01T00:32:22+08:00 ] 127.0.0.1 /wsgz/home/news/newshow/id/15.html
INFO: [ app_init ] --START--
INFO: Run Behavior\BuildLiteBehavior [ RunTime:0.000000s ]
INFO: [ app_init ] --END-- [ RunTime:0.001000s ]

[ 2016-04-01T00:32:22+08:00 ] 127.0.0.1 /wsgz/home/news/newshow/id/class=%22img-responsive
INFO: [ app_init ] --START--
INFO: Run Behavior\BuildLiteBehavior [ RunTime:0.000000s ]
INFO: [ app_init ] --END-- [ RunTime:0.001000s ]

[ 2016-04-01T00:32:23+08:00 ] 127.0.0.1 /wsgz/home/index/index.html
INFO: [ app_init ] --START--
INFO: Run Behavior\BuildLiteBehavior [ RunTime:0.000000s ]
INFO: [ app_init ] --END-- [ RunTime:0.001000s ]

[ 2016-04-01T00:32:24+08:00 ] 127.0.0.1 /wsgz/home/news/newshow/id/15.html
INFO: [ app_init ] --START--
INFO: Run Behavior\BuildLiteBehavior [ RunTime:0.000000s ]
INFO: [ app_init ] --END-- [ RunTime:0.001000s ]

[ 2016-04-01T00:32:25+08:00 ] 127.0.0.1 /wsgz/home/news/newshow/id/class=%22img-responsive
INFO: [ app_init ] --START--
INFO: Run Behavior\BuildLiteBehavior [ RunTime:0.000000s ]
INFO: [ app_init ] --END-- [ RunTime:0.002000s ]

[ 2016-04-01T00:32:26+08:00 ] 127.0.0.1 /wsgz/home/index/index.html
INFO: [ app_init ] --START--
INFO: Run Behavior\BuildLiteBehavior [ RunTime:0.000000s ]
INFO: [ app_init ] --END-- [ RunTime:0.001000s ]

[ 2016-04-01T00:32:27+08:00 ] 127.0.0.1 /wsgz/home/news/newshow/id/15.html
INFO: [ app_init ] --START--
INFO: Run Behavior\BuildLiteBehavior [ RunTime:0.000000s ]
INFO: [ app_init ] --END-- [ RunTime:0.001000s ]

[ 2016-04-01T00:32:27+08:00 ] 127.0.0.1 /wsgz/home/news/newshow/id/class=%22img-responsive
INFO: [ app_init ] --START--
INFO: Run Behavior\BuildLiteBehavior [ RunTime:0.001000s ]
INFO: [ app_init ] --END-- [ RunTime:0.001000s ]

[ 2016-04-01T00:32:28+08:00 ] 127.0.0.1 /wsgz/home/index/index.html
INFO: [ app_init ] --START--
INFO: Run Behavior\BuildLiteBehavior [ RunTime:0.000000s ]
INFO: [ app_init ] --END-- [ RunTime:0.001000s ]

[ 2016-04-01T00:32:30+08:00 ] 127.0.0.1 /wsgz/home/news/newshow/id/15.html
INFO: [ app_init ] --START--
INFO: Run Behavior\BuildLiteBehavior [ RunTime:0.000000s ]
INFO: [ app_init ] --END-- [ RunTime:0.000000s ]

[ 2016-04-01T00:32:30+08:00 ] 127.0.0.1 /wsgz/home/news/newshow/id/class=%22img-responsive
INFO: [ app_init ] --START--
INFO: Run Behavior\BuildLiteBehavior [ RunTime:0.001000s ]
INFO: [ app_init ] --END-- [ RunTime:0.002000s ]

[ 2016-04-01T00:32:31+08:00 ] 127.0.0.1 /wsgz/home/index/index.html
INFO: [ app_init ] --START--
INFO: Run Behavior\BuildLiteBehavior [ RunTime:0.001000s ]
INFO: [ app_init ] --END-- [ RunTime:0.001000s ]

[ 2016-04-01T00:32:38+08:00 ] 127.0.0.1 /wsgz/home/news/news.html
INFO: [ app_init ] --START--
INFO: Run Behavior\BuildLiteBehavior [ RunTime:0.000000s ]
INFO: [ app_init ] --END-- [ RunTime:0.000000s ]

[ 2016-04-01T00:32:41+08:00 ] 127.0.0.1 /wsgz/home/index/infoshow.html
INFO: [ app_init ] --START--
INFO: Run Behavior\BuildLiteBehavior [ RunTime:0.000000s ]
INFO: [ app_init ] --END-- [ RunTime:0.001000s ]

[ 2016-04-01T00:32:45+08:00 ] 127.0.0.1 /wsgz/home/index/comshow.html
INFO: [ app_init ] --START--
INFO: Run Behavior\BuildLiteBehavior [ RunTime:0.000000s ]
INFO: [ app_init ] --END-- [ RunTime:0.001000s ]

[ 2016-04-01T09:55:40+08:00 ] 127.0.0.1 /wsgz/
INFO: [ app_init ] --START--
INFO: Run Behavior\BuildLiteBehavior [ RunTime:0.000000s ]
INFO: [ app_init ] --END-- [ RunTime:0.082005s ]

[ 2016-04-01T09:55:53+08:00 ] 127.0.0.1 /wsgz/home/index/login.html
INFO: [ app_init ] --START--
INFO: Run Behavior\BuildLiteBehavior [ RunTime:0.000000s ]
INFO: [ app_init ] --END-- [ RunTime:0.001000s ]

[ 2016-04-01T09:56:01+08:00 ] 127.0.0.1 /wsgz/home/index/login.html
INFO: [ app_init ] --START--
INFO: Run Behavior\BuildLiteBehavior [ RunTime:0.000000s ]
INFO: [ app_init ] --END-- [ RunTime:0.002001s ]

[ 2016-04-01T09:56:02+08:00 ] 127.0.0.1 /wsgz/home/personal/index.html
INFO: [ app_init ] --START--
INFO: Run Behavior\BuildLiteBehavior [ RunTime:0.000000s ]
INFO: [ app_init ] --END-- [ RunTime:0.000000s ]

[ 2016-04-01T09:56:05+08:00 ] 127.0.0.1 /wsgz/home/personal/articlelist.html
INFO: [ app_init ] --START--
INFO: Run Behavior\BuildLiteBehavior [ RunTime:0.000000s ]
INFO: [ app_init ] --END-- [ RunTime:0.001000s ]

[ 2016-04-01T09:56:10+08:00 ] 127.0.0.1 /wsgz/home/personal/waterproject.html
INFO: [ app_init ] --START--
INFO: Run Behavior\BuildLiteBehavior [ RunTime:0.001000s ]
INFO: [ app_init ] --END-- [ RunTime:0.002000s ]

[ 2016-04-01T09:56:13+08:00 ] 127.0.0.1 /wsgz/home/personal/watercompany.html
INFO: [ app_init ] --START--
INFO: Run Behavior\BuildLiteBehavior [ RunTime:0.000000s ]
INFO: [ app_init ] --END-- [ RunTime:0.001000s ]

[ 2016-04-01T09:56:17+08:00 ] 127.0.0.1 /wsgz/home/personal/pwdfix.html
INFO: [ app_init ] --START--
INFO: Run Behavior\BuildLiteBehavior [ RunTime:0.000000s ]
INFO: [ app_init ] --END-- [ RunTime:0.001000s ]

[ 2016-04-01T09:56:19+08:00 ] 127.0.0.1 /wsgz/home/personal/waterproject.html
INFO: [ app_init ] --START--
INFO: Run Behavior\BuildLiteBehavior [ RunTime:0.000000s ]
INFO: [ app_init ] --END-- [ RunTime:0.002001s ]

[ 2016-04-01T09:58:39+08:00 ] 127.0.0.1 /wsgz/home/personal/waterproject.html
INFO: [ app_init ] --START--
INFO: Run Behavior\BuildLiteBehavior [ RunTime:0.000000s ]
INFO: [ app_init ] --END-- [ RunTime:0.001000s ]

[ 2016-04-01T09:58:41+08:00 ] 127.0.0.1 /wsgz/home/personal/waterroad.html
INFO: [ app_init ] --START--
INFO: Run Behavior\BuildLiteBehavior [ RunTime:0.000000s ]
INFO: [ app_init ] --END-- [ RunTime:0.001000s ]

[ 2016-04-01T09:59:01+08:00 ] 127.0.0.1 /wsgz/home/personal/waterroad.html
INFO: [ app_init ] --START--
INFO: Run Behavior\BuildLiteBehavior [ RunTime:0.000000s ]
INFO: [ app_init ] --END-- [ RunTime:0.000000s ]

[ 2016-04-01T10:01:47+08:00 ] 127.0.0.1 /wsgz/home/personal/waterroad.html
INFO: [ app_init ] --START--
INFO: Run Behavior\BuildLiteBehavior [ RunTime:0.000000s ]
INFO: [ app_init ] --END-- [ RunTime:0.001000s ]

[ 2016-04-01T10:04:20+08:00 ] 127.0.0.1 /wsgz/home/personal/waterproject.html
INFO: [ app_init ] --START--
INFO: Run Behavior\BuildLiteBehavior [ RunTime:0.000000s ]
INFO: [ app_init ] --END-- [ RunTime:0.001000s ]

[ 2016-04-01T10:04:22+08:00 ] 127.0.0.1 /wsgz/home/personal/waterroad.html
INFO: [ app_init ] --START--
INFO: Run Behavior\BuildLiteBehavior [ RunTime:0.000000s ]
INFO: [ app_init ] --END-- [ RunTime:0.001000s ]
ERR: 1054:Unknown column 'water_content' in 'field list'
 [ SQL语句 ] : SELECT `water_id`,`water_name`,`water_content`,`water_time` FROM `think_watershow` ORDER BY water_time desc LIMIT 0,10  

[ 2016-04-01T10:05:01+08:00 ] 127.0.0.1 /wsgz/home/personal/waterroad.html
INFO: [ app_init ] --START--
INFO: Run Behavior\BuildLiteBehavior [ RunTime:0.000000s ]
INFO: [ app_init ] --END-- [ RunTime:0.001000s ]

[ 2016-04-01T10:07:48+08:00 ] 127.0.0.1 /wsgz/home/personal/waterroad.html
INFO: [ app_init ] --START--
INFO: Run Behavior\BuildLiteBehavior [ RunTime:0.000000s ]
INFO: [ app_init ] --END-- [ RunTime:0.002000s ]

[ 2016-04-01T10:07:49+08:00 ] 127.0.0.1 /wsgz/home/personal/roadadd.html
INFO: [ app_init ] --START--
INFO: Run Behavior\BuildLiteBehavior [ RunTime:0.000000s ]
INFO: [ app_init ] --END-- [ RunTime:0.002000s ]

[ 2016-04-01T10:09:38+08:00 ] 127.0.0.1 /wsgz/home/personal/roadadd.html
INFO: [ app_init ] --START--
INFO: Run Behavior\BuildLiteBehavior [ RunTime:0.001000s ]
INFO: [ app_init ] --END-- [ RunTime:0.002000s ]

[ 2016-04-01T10:09:44+08:00 ] 127.0.0.1 /wsgz/home/personal/roadadd_fun.html
INFO: [ app_init ] --START--
INFO: Run Behavior\BuildLiteBehavior [ RunTime:0.000000s ]
INFO: [ app_init ] --END-- [ RunTime:0.002000s ]

[ 2016-04-01T10:10:00+08:00 ] 127.0.0.1 /wsgz/home/personal/roadadd.html
INFO: [ app_init ] --START--
INFO: Run Behavior\BuildLiteBehavior [ RunTime:0.000000s ]
INFO: [ app_init ] --END-- [ RunTime:0.001000s ]

[ 2016-04-01T10:10:06+08:00 ] 127.0.0.1 /wsgz/home/personal/roadadd_fun.html
INFO: [ app_init ] --START--
INFO: Run Behavior\BuildLiteBehavior [ RunTime:0.000000s ]
INFO: [ app_init ] --END-- [ RunTime:0.001000s ]

[ 2016-04-01T10:10:07+08:00 ] 127.0.0.1 /wsgz/home/personal/waterroad.html
INFO: [ app_init ] --START--
INFO: Run Behavior\BuildLiteBehavior [ RunTime:0.000000s ]
INFO: [ app_init ] --END-- [ RunTime:0.001000s ]

[ 2016-04-01T10:10:09+08:00 ] 127.0.0.1 /wsgz/home/personal/roadres/id/2.html
INFO: [ app_init ] --START--
INFO: Run Behavior\BuildLiteBehavior [ RunTime:0.000000s ]
INFO: [ app_init ] --END-- [ RunTime:0.002000s ]
ERR: 模板不存在:./wsgz/Home/View/Personal/roadres.html

[ 2016-04-01T10:11:39+08:00 ] 127.0.0.1 /wsgz/home/personal/waterroad.html
INFO: [ app_init ] --START--
INFO: Run Behavior\BuildLiteBehavior [ RunTime:0.000000s ]
INFO: [ app_init ] --END-- [ RunTime:0.002001s ]

[ 2016-04-01T10:11:40+08:00 ] 127.0.0.1 /wsgz/home/personal/roadres/id/2.html
INFO: [ app_init ] --START--
INFO: Run Behavior\BuildLiteBehavior [ RunTime:0.000000s ]
INFO: [ app_init ] --END-- [ RunTime:0.002001s ]

[ 2016-04-01T10:11:47+08:00 ] 127.0.0.1 /wsgz/home/personal/roadres/id/2.html
INFO: [ app_init ] --START--
INFO: Run Behavior\BuildLiteBehavior [ RunTime:0.000000s ]
INFO: [ app_init ] --END-- [ RunTime:0.000000s ]

[ 2016-04-01T10:11:52+08:00 ] 127.0.0.1 /wsgz/home/personal/roadres/id/2.html
INFO: [ app_init ] --START--
INFO: Run Behavior\BuildLiteBehavior [ RunTime:0.000000s ]
INFO: [ app_init ] --END-- [ RunTime:0.002000s ]

[ 2016-04-01T10:12:55+08:00 ] 127.0.0.1 /wsgz/home/personal/roadres/id/2.html
INFO: [ app_init ] --START--
INFO: Run Behavior\BuildLiteBehavior [ RunTime:0.000000s ]
INFO: [ app_init ] --END-- [ RunTime:0.001000s ]

[ 2016-04-01T10:12:57+08:00 ] 127.0.0.1 /wsgz/home/personal/waterres_fun.html
INFO: [ app_init ] --START--
INFO: Run Behavior\BuildLiteBehavior [ RunTime:0.000000s ]
INFO: [ app_init ] --END-- [ RunTime:0.002000s ]
ERR: 非法操作:waterres_fun

[ 2016-04-01T10:13:10+08:00 ] 127.0.0.1 /wsgz/home/personal/roadres/id/2.html
INFO: [ app_init ] --START--
INFO: Run Behavior\BuildLiteBehavior [ RunTime:0.000000s ]
INFO: [ app_init ] --END-- [ RunTime:0.007001s ]

[ 2016-04-01T10:13:13+08:00 ] 127.0.0.1 /wsgz/home/personal/roadres_fun.html
INFO: [ app_init ] --START--
INFO: Run Behavior\BuildLiteBehavior [ RunTime:0.000000s ]
INFO: [ app_init ] --END-- [ RunTime:0.001000s ]

[ 2016-04-01T10:13:15+08:00 ] 127.0.0.1 /wsgz/home/personal/waterroad.html
INFO: [ app_init ] --START--
INFO: Run Behavior\BuildLiteBehavior [ RunTime:0.000000s ]
INFO: [ app_init ] --END-- [ RunTime:0.001000s ]

[ 2016-04-01T10:13:17+08:00 ] 127.0.0.1 /wsgz/home/personal/roadres/id/2.html
INFO: [ app_init ] --START--
INFO: Run Behavior\BuildLiteBehavior [ RunTime:0.000000s ]
INFO: [ app_init ] --END-- [ RunTime:0.001000s ]

[ 2016-04-01T10:13:20+08:00 ] 127.0.0.1 /wsgz/home/personal/roadres_fun.html
INFO: [ app_init ] --START--
INFO: Run Behavior\BuildLiteBehavior [ RunTime:0.000000s ]
INFO: [ app_init ] --END-- [ RunTime:0.002000s ]

[ 2016-04-01T10:13:21+08:00 ] 127.0.0.1 /wsgz/home/personal/waterroad.html
INFO: [ app_init ] --START--
INFO: Run Behavior\BuildLiteBehavior [ RunTime:0.000000s ]
INFO: [ app_init ] --END-- [ RunTime:0.001000s ]

[ 2016-04-01T10:13:22+08:00 ] 127.0.0.1 /wsgz/home/personal/roadres/id/2.html
INFO: [ app_init ] --START--
INFO: Run Behavior\BuildLiteBehavior [ RunTime:0.000000s ]
INFO: [ app_init ] --END-- [ RunTime:0.001000s ]

[ 2016-04-01T10:13:56+08:00 ] 127.0.0.1 /wsgz/home/personal/roadres/id/2.html
INFO: [ app_init ] --START--
INFO: Run Behavior\BuildLiteBehavior [ RunTime:0.000000s ]
INFO: [ app_init ] --END-- [ RunTime:0.001000s ]

[ 2016-04-01T10:14:21+08:00 ] 127.0.0.1 /wsgz/home/personal/roadres/id/2.html
INFO: [ app_init ] --START--
INFO: Run Behavior\BuildLiteBehavior [ RunTime:0.001000s ]
INFO: [ app_init ] --END-- [ RunTime:0.001000s ]

[ 2016-04-01T10:14:22+08:00 ] 127.0.0.1 /wsgz/home/personal/waterproject.html
INFO: [ app_init ] --START--
INFO: Run Behavior\BuildLiteBehavior [ RunTime:0.000000s ]
INFO: [ app_init ] --END-- [ RunTime:0.001000s ]

[ 2016-04-01T10:14:25+08:00 ] 127.0.0.1 /wsgz/home/personal/projectres/id/2.html
INFO: [ app_init ] --START--
INFO: Run Behavior\BuildLiteBehavior [ RunTime:0.000000s ]
INFO: [ app_init ] --END-- [ RunTime:0.001000s ]

[ 2016-04-01T10:14:37+08:00 ] 127.0.0.1 /wsgz/home/personal/waterroad.html
INFO: [ app_init ] --START--
INFO: Run Behavior\BuildLiteBehavior [ RunTime:0.000000s ]
INFO: [ app_init ] --END-- [ RunTime:0.001000s ]

[ 2016-04-01T10:14:51+08:00 ] 127.0.0.1 /wsgz/home/personal/waterroad.html
INFO: [ app_init ] --START--
INFO: Run Behavior\BuildLiteBehavior [ RunTime:0.000000s ]
INFO: [ app_init ] --END-- [ RunTime:0.001000s ]

[ 2016-04-01T10:14:54+08:00 ] 127.0.0.1 /wsgz/home/personal/roadadd.html
INFO: [ app_init ] --START--
INFO: Run Behavior\BuildLiteBehavior [ RunTime:0.000000s ]
INFO: [ app_init ] --END-- [ RunTime:0.002000s ]

[ 2016-04-01T10:15:01+08:00 ] 127.0.0.1 /wsgz/home/personal/roadres/id/2.html
INFO: [ app_init ] --START--
INFO: Run Behavior\BuildLiteBehavior [ RunTime:0.000000s ]
INFO: [ app_init ] --END-- [ RunTime:0.001000s ]

[ 2016-04-01T10:15:17+08:00 ] 127.0.0.1 /wsgz/home/personal/roadres/id/2.html
INFO: [ app_init ] --START--
INFO: Run Behavior\BuildLiteBehavior [ RunTime:0.000000s ]
INFO: [ app_init ] --END-- [ RunTime:0.001000s ]

[ 2016-04-01T10:15:25+08:00 ] 127.0.0.1 /wsgz/home/personal/waterroad.html
INFO: [ app_init ] --START--
INFO: Run Behavior\BuildLiteBehavior [ RunTime:0.000000s ]
INFO: [ app_init ] --END-- [ RunTime:0.000000s ]

[ 2016-04-01T10:15:31+08:00 ] 127.0.0.1 /wsgz/home/personal/roadadd.html
INFO: [ app_init ] --START--
INFO: Run Behavior\BuildLiteBehavior [ RunTime:0.000000s ]
INFO: [ app_init ] --END-- [ RunTime:0.002000s ]

[ 2016-04-01T10:15:35+08:00 ] 127.0.0.1 /wsgz/home/personal/roadres/id/2.html
INFO: [ app_init ] --START--
INFO: Run Behavior\BuildLiteBehavior [ RunTime:0.001000s ]
INFO: [ app_init ] --END-- [ RunTime:0.001000s ]

[ 2016-04-01T10:15:42+08:00 ] 127.0.0.1 /wsgz/home/personal/roadres/id/2.html
INFO: [ app_init ] --START--
INFO: Run Behavior\BuildLiteBehavior [ RunTime:0.000000s ]
INFO: [ app_init ] --END-- [ RunTime:0.001000s ]

[ 2016-04-01T10:17:23+08:00 ] 127.0.0.1 /wsgz/home/personal/waterroad.html
INFO: [ app_init ] --START--
INFO: Run Behavior\BuildLiteBehavior [ RunTime:0.000000s ]
INFO: [ app_init ] --END-- [ RunTime:0.001000s ]

[ 2016-04-01T10:17:24+08:00 ] 127.0.0.1 /wsgz/home/personal/waterproject.html
INFO: [ app_init ] --START--
INFO: Run Behavior\BuildLiteBehavior [ RunTime:0.000000s ]
INFO: [ app_init ] --END-- [ RunTime:0.002000s ]

[ 2016-04-01T10:17:27+08:00 ] 127.0.0.1 /wsgz/home/personal/projectadd.html
INFO: [ app_init ] --START--
INFO: Run Behavior\BuildLiteBehavior [ RunTime:0.001000s ]
INFO: [ app_init ] --END-- [ RunTime:0.001000s ]

[ 2016-04-01T10:17:31+08:00 ] 127.0.0.1 /wsgz/home/personal/projectres/id/2.html
INFO: [ app_init ] --START--
INFO: Run Behavior\BuildLiteBehavior [ RunTime:0.000000s ]
INFO: [ app_init ] --END-- [ RunTime:0.003000s ]

[ 2016-04-01T10:17:32+08:00 ] 127.0.0.1 /wsgz/home/personal/waterproject.html
INFO: [ app_init ] --START--
INFO: Run Behavior\BuildLiteBehavior [ RunTime:0.000000s ]
INFO: [ app_init ] --END-- [ RunTime:0.001000s ]

[ 2016-04-01T10:17:35+08:00 ] 127.0.0.1 /wsgz/home/personal/watercompany.html
INFO: [ app_init ] --START--
INFO: Run Behavior\BuildLiteBehavior [ RunTime:0.000000s ]
INFO: [ app_init ] --END-- [ RunTime:0.001000s ]

[ 2016-04-01T10:17:37+08:00 ] 127.0.0.1 /wsgz/home/personal/companyadd.html
INFO: [ app_init ] --START--
INFO: Run Behavior\BuildLiteBehavior [ RunTime:0.000000s ]
INFO: [ app_init ] --END-- [ RunTime:0.001000s ]

[ 2016-04-01T10:17:38+08:00 ] 127.0.0.1 /wsgz/home/personal/watercompany.html
INFO: [ app_init ] --START--
INFO: Run Behavior\BuildLiteBehavior [ RunTime:0.000000s ]
INFO: [ app_init ] --END-- [ RunTime:0.002000s ]

[ 2016-04-01T10:17:40+08:00 ] 127.0.0.1 /wsgz/home/personal/companyres/id/2.html
INFO: [ app_init ] --START--
INFO: Run Behavior\BuildLiteBehavior [ RunTime:0.000000s ]
INFO: [ app_init ] --END-- [ RunTime:0.002000s ]

[ 2016-04-01T10:17:42+08:00 ] 127.0.0.1 /wsgz/home/personal/watercompany.html
INFO: [ app_init ] --START--
INFO: Run Behavior\BuildLiteBehavior [ RunTime:0.000000s ]
INFO: [ app_init ] --END-- [ RunTime:0.001000s ]

[ 2016-04-01T10:17:45+08:00 ] 127.0.0.1 /wsgz/home/personal/waterroad.html
INFO: [ app_init ] --START--
INFO: Run Behavior\BuildLiteBehavior [ RunTime:0.000000s ]
INFO: [ app_init ] --END-- [ RunTime:0.003000s ]

[ 2016-04-01T10:17:47+08:00 ] 127.0.0.1 /wsgz/home/personal/roadadd.html
INFO: [ app_init ] --START--
INFO: Run Behavior\BuildLiteBehavior [ RunTime:0.000000s ]
INFO: [ app_init ] --END-- [ RunTime:0.002000s ]

[ 2016-04-01T10:18:07+08:00 ] 127.0.0.1 /wsgz/home/personal/roadadd.html
INFO: [ app_init ] --START--
INFO: Run Behavior\BuildLiteBehavior [ RunTime:0.000000s ]
INFO: [ app_init ] --END-- [ RunTime:0.002000s ]

[ 2016-04-01T10:18:08+08:00 ] 127.0.0.1 /wsgz/home/personal/waterroad.html
INFO: [ app_init ] --START--
INFO: Run Behavior\BuildLiteBehavior [ RunTime:0.000000s ]
INFO: [ app_init ] --END-- [ RunTime:0.001000s ]

[ 2016-04-01T10:18:09+08:00 ] 127.0.0.1 /wsgz/home/personal/roadres/id/2.html
INFO: [ app_init ] --START--
INFO: Run Behavior\BuildLiteBehavior [ RunTime:0.001001s ]
INFO: [ app_init ] --END-- [ RunTime:0.001001s ]

[ 2016-04-01T10:18:15+08:00 ] 127.0.0.1 /wsgz/home/personal/waterroad.html
INFO: [ app_init ] --START--
INFO: Run Behavior\BuildLiteBehavior [ RunTime:0.000000s ]
INFO: [ app_init ] --END-- [ RunTime:0.001001s ]

[ 2016-04-01T10:18:19+08:00 ] 127.0.0.1 /wsgz/home/personal/roaddel/id/2.html
INFO: [ app_init ] --START--
INFO: Run Behavior\BuildLiteBehavior [ RunTime:0.001000s ]
INFO: [ app_init ] --END-- [ RunTime:0.001000s ]

[ 2016-04-01T10:18:20+08:00 ] 127.0.0.1 /wsgz/home/personal/waterroad.html
INFO: [ app_init ] --START--
INFO: Run Behavior\BuildLiteBehavior [ RunTime:0.000000s ]
INFO: [ app_init ] --END-- [ RunTime:0.001000s ]

[ 2016-04-01T10:18:22+08:00 ] 127.0.0.1 /wsgz/home/personal/watercompany.html
INFO: [ app_init ] --START--
INFO: Run Behavior\BuildLiteBehavior [ RunTime:0.000000s ]
INFO: [ app_init ] --END-- [ RunTime:0.002000s ]

[ 2016-04-01T10:18:26+08:00 ] 127.0.0.1 /wsgz/home/personal/companyadd.html
INFO: [ app_init ] --START--
INFO: Run Behavior\BuildLiteBehavior [ RunTime:0.000000s ]
INFO: [ app_init ] --END-- [ RunTime:0.001000s ]

[ 2016-04-01T10:18:29+08:00 ] 127.0.0.1 /wsgz/home/personal/companyadd_fun.html
INFO: [ app_init ] --START--
INFO: Run Behavior\BuildLiteBehavior [ RunTime:0.001000s ]
INFO: [ app_init ] --END-- [ RunTime:0.002000s ]

[ 2016-04-01T10:18:31+08:00 ] 127.0.0.1 /wsgz/home/personal/watercompany.html
INFO: [ app_init ] --START--
INFO: Run Behavior\BuildLiteBehavior [ RunTime:0.000000s ]
INFO: [ app_init ] --END-- [ RunTime:0.001000s ]

[ 2016-04-01T10:18:34+08:00 ] 127.0.0.1 /wsgz/home/personal/companydel/id/3.html
INFO: [ app_init ] --START--
INFO: Run Behavior\BuildLiteBehavior [ RunTime:0.000000s ]
INFO: [ app_init ] --END-- [ RunTime:0.001000s ]

[ 2016-04-01T10:18:36+08:00 ] 127.0.0.1 /wsgz/home/personal/watercompany.html
INFO: [ app_init ] --START--
INFO: Run Behavior\BuildLiteBehavior [ RunTime:0.000000s ]
INFO: [ app_init ] --END-- [ RunTime:0.001000s ]

[ 2016-04-01T10:20:17+08:00 ] 127.0.0.1 /wsgz/home/personal/watercompany.html
INFO: [ app_init ] --START--
INFO: Run Behavior\BuildLiteBehavior [ RunTime:0.000000s ]
INFO: [ app_init ] --END-- [ RunTime:0.002000s ]

[ 2016-04-01T10:20:18+08:00 ] 127.0.0.1 /wsgz/home/personal/waterprovince.html
INFO: [ app_init ] --START--
INFO: Run Behavior\BuildLiteBehavior [ RunTime:0.001000s ]
INFO: [ app_init ] --END-- [ RunTime:0.002000s ]

[ 2016-04-01T10:21:21+08:00 ] 127.0.0.1 /wsgz/home/personal/waterprovince.html
INFO: [ app_init ] --START--
INFO: Run Behavior\BuildLiteBehavior [ RunTime:0.000000s ]
INFO: [ app_init ] --END-- [ RunTime:0.001000s ]

[ 2016-04-01T10:25:41+08:00 ] 127.0.0.1 /wsgz/home/personal/waterprovince.html
INFO: [ app_init ] --START--
INFO: Run Behavior\BuildLiteBehavior [ RunTime:0.000000s ]
INFO: [ app_init ] --END-- [ RunTime:0.001001s ]

[ 2016-04-01T10:27:10+08:00 ] 127.0.0.1 /wsgz/home/personal/provinceadd.html
INFO: [ app_init ] --START--
INFO: Run Behavior\BuildLiteBehavior [ RunTime:0.000000s ]
INFO: [ app_init ] --END-- [ RunTime:0.001000s ]

[ 2016-04-01T10:29:52+08:00 ] 127.0.0.1 /wsgz/home/personal/provinceadd.html
INFO: [ app_init ] --START--
INFO: Run Behavior\BuildLiteBehavior [ RunTime:0.000000s ]
INFO: [ app_init ] --END-- [ RunTime:0.001000s ]

[ 2016-04-01T10:29:57+08:00 ] 127.0.0.1 /wsgz/home/personal/projectadd_fun.html
INFO: [ app_init ] --START--
INFO: Run Behavior\BuildLiteBehavior [ RunTime:0.000000s ]
INFO: [ app_init ] --END-- [ RunTime:0.001000s ]

[ 2016-04-01T10:29:59+08:00 ] 127.0.0.1 /wsgz/home/personal/waterproject.html
INFO: [ app_init ] --START--
INFO: Run Behavior\BuildLiteBehavior [ RunTime:0.000000s ]
INFO: [ app_init ] --END-- [ RunTime:0.001000s ]

[ 2016-04-01T10:30:07+08:00 ] 127.0.0.1 /wsgz/home/personal/projectdel/id/3.html
INFO: [ app_init ] --START--
INFO: Run Behavior\BuildLiteBehavior [ RunTime:0.000000s ]
INFO: [ app_init ] --END-- [ RunTime:0.001000s ]

[ 2016-04-01T10:30:08+08:00 ] 127.0.0.1 /wsgz/home/personal/waterproject.html
INFO: [ app_init ] --START--
INFO: Run Behavior\BuildLiteBehavior [ RunTime:0.000000s ]
INFO: [ app_init ] --END-- [ RunTime:0.000000s ]

[ 2016-04-01T10:30:11+08:00 ] 127.0.0.1 /wsgz/home/personal/waterprovince.html
INFO: [ app_init ] --START--
INFO: Run Behavior\BuildLiteBehavior [ RunTime:0.000000s ]
INFO: [ app_init ] --END-- [ RunTime:0.002000s ]

[ 2016-04-01T10:30:12+08:00 ] 127.0.0.1 /wsgz/home/personal/provinceadd.html
INFO: [ app_init ] --START--
INFO: Run Behavior\BuildLiteBehavior [ RunTime:0.000000s ]
INFO: [ app_init ] --END-- [ RunTime:0.001000s ]

[ 2016-04-01T10:30:22+08:00 ] 127.0.0.1 /wsgz/home/personal/provinceadd.html
INFO: [ app_init ] --START--
INFO: Run Behavior\BuildLiteBehavior [ RunTime:0.000000s ]
INFO: [ app_init ] --END-- [ RunTime:0.002000s ]

[ 2016-04-01T10:30:25+08:00 ] 127.0.0.1 /wsgz/home/personal/provinceadd_fun.html
INFO: [ app_init ] --START--
INFO: Run Behavior\BuildLiteBehavior [ RunTime:0.000000s ]
INFO: [ app_init ] --END-- [ RunTime:0.005001s ]

[ 2016-04-01T10:30:43+08:00 ] 127.0.0.1 /wsgz/home/personal/provinceadd.html
INFO: [ app_init ] --START--
INFO: Run Behavior\BuildLiteBehavior [ RunTime:0.000000s ]
INFO: [ app_init ] --END-- [ RunTime:0.002000s ]

[ 2016-04-01T10:30:49+08:00 ] 127.0.0.1 /wsgz/home/personal/provinceadd_fun.html
INFO: [ app_init ] --START--
INFO: Run Behavior\BuildLiteBehavior [ RunTime:0.000000s ]
INFO: [ app_init ] --END-- [ RunTime:0.000000s ]

[ 2016-04-01T10:30:50+08:00 ] 127.0.0.1 /wsgz/home/personal/waterprovince.html
INFO: [ app_init ] --START--
INFO: Run Behavior\BuildLiteBehavior [ RunTime:0.000000s ]
INFO: [ app_init ] --END-- [ RunTime:0.001000s ]

[ 2016-04-01T10:30:52+08:00 ] 127.0.0.1 /wsgz/home/personal/provinceres/id/2.html
INFO: [ app_init ] --START--
INFO: Run Behavior\BuildLiteBehavior [ RunTime:0.000000s ]
INFO: [ app_init ] --END-- [ RunTime:0.001000s ]
ERR: 模板不存在:./wsgz/Home/View/Personal/provinceres.html

[ 2016-04-01T10:32:24+08:00 ] 127.0.0.1 /wsgz/home/personal/waterprovince.html
INFO: [ app_init ] --START--
INFO: Run Behavior\BuildLiteBehavior [ RunTime:0.000000s ]
INFO: [ app_init ] --END-- [ RunTime:0.001000s ]

[ 2016-04-01T10:32:26+08:00 ] 127.0.0.1 /wsgz/home/personal/provinceres/id/2.html
INFO: [ app_init ] --START--
INFO: Run Behavior\BuildLiteBehavior [ RunTime:0.001000s ]
INFO: [ app_init ] --END-- [ RunTime:0.001000s ]

[ 2016-04-01T10:33:09+08:00 ] 127.0.0.1 /wsgz/home/personal/provinceres/id/2.html
INFO: [ app_init ] --START--
INFO: Run Behavior\BuildLiteBehavior [ RunTime:0.000000s ]
INFO: [ app_init ] --END-- [ RunTime:0.001000s ]

[ 2016-04-01T10:34:18+08:00 ] 127.0.0.1 /wsgz/home/personal/provinceres/id/2.html
INFO: [ app_init ] --START--
INFO: Run Behavior\BuildLiteBehavior [ RunTime:0.001000s ]
INFO: [ app_init ] --END-- [ RunTime:0.002000s ]

[ 2016-04-01T10:34:22+08:00 ] 127.0.0.1 /wsgz/home/personal/provinceres_fun.html
INFO: [ app_init ] --START--
INFO: Run Behavior\BuildLiteBehavior [ RunTime:0.000000s ]
INFO: [ app_init ] --END-- [ RunTime:0.002000s ]

[ 2016-04-01T10:34:23+08:00 ] 127.0.0.1 /wsgz/home/personal/waterprovince.html
INFO: [ app_init ] --START--
INFO: Run Behavior\BuildLiteBehavior [ RunTime:0.000000s ]
INFO: [ app_init ] --END-- [ RunTime:0.001000s ]

[ 2016-04-01T10:35:08+08:00 ] 127.0.0.1 /wsgz/home/personal/waterprovince.html
INFO: [ app_init ] --START--
INFO: Run Behavior\BuildLiteBehavior [ RunTime:0.000000s ]
INFO: [ app_init ] --END-- [ RunTime:0.002001s ]

[ 2016-04-01T10:35:11+08:00 ] 127.0.0.1 /wsgz/home/personal/provincedel/id/2.html
INFO: [ app_init ] --START--
INFO: Run Behavior\BuildLiteBehavior [ RunTime:0.001000s ]
INFO: [ app_init ] --END-- [ RunTime:0.003000s ]

[ 2016-04-01T10:35:12+08:00 ] 127.0.0.1 /wsgz/home/personal/waterprovince.html
INFO: [ app_init ] --START--
INFO: Run Behavior\BuildLiteBehavior [ RunTime:0.001001s ]
INFO: [ app_init ] --END-- [ RunTime:0.002001s ]

[ 2016-04-01T10:36:24+08:00 ] 127.0.0.1 /wsgz/home/personal/waterprovince.html
INFO: [ app_init ] --START--
INFO: Run Behavior\BuildLiteBehavior [ RunTime:0.000000s ]
INFO: [ app_init ] --END-- [ RunTime:0.001000s ]

[ 2016-04-01T10:38:00+08:00 ] 127.0.0.1 /wsgz/home/personal/waterprovince.html
INFO: [ app_init ] --START--
INFO: Run Behavior\BuildLiteBehavior [ RunTime:0.000000s ]
INFO: [ app_init ] --END-- [ RunTime:0.001000s ]

[ 2016-04-01T10:38:02+08:00 ] 127.0.0.1 /wsgz/home/personal/waterprovince.html
INFO: [ app_init ] --START--
INFO: Run Behavior\BuildLiteBehavior [ RunTime:0.000000s ]
INFO: [ app_init ] --END-- [ RunTime:0.002001s ]

[ 2016-04-01T10:38:12+08:00 ] 127.0.0.1 /wsgz/home/personal/waterprovince.html
INFO: [ app_init ] --START--
INFO: Run Behavior\BuildLiteBehavior [ RunTime:0.000000s ]
INFO: [ app_init ] --END-- [ RunTime:0.001000s ]

[ 2016-04-01T10:38:43+08:00 ] 127.0.0.1 /wsgz/home/personal/waterproject.html
INFO: [ app_init ] --START--
INFO: Run Behavior\BuildLiteBehavior [ RunTime:0.000000s ]
INFO: [ app_init ] --END-- [ RunTime:0.001000s ]

[ 2016-04-01T10:39:08+08:00 ] 127.0.0.1 /wsgz/home/personal/waterprovince.html
INFO: [ app_init ] --START--
INFO: Run Behavior\BuildLiteBehavior [ RunTime:0.000000s ]
INFO: [ app_init ] --END-- [ RunTime:0.002000s ]

[ 2016-04-01T10:42:42+08:00 ] 127.0.0.1 /wsgz/home/personal/waterprovince.html
INFO: [ app_init ] --START--
INFO: Run Behavior\BuildLiteBehavior [ RunTime:0.000000s ]
INFO: [ app_init ] --END-- [ RunTime:0.001000s ]

[ 2016-04-01T10:42:44+08:00 ] 127.0.0.1 /wsgz/home/personal/waterdocument.html
INFO: [ app_init ] --START--
INFO: Run Behavior\BuildLiteBehavior [ RunTime:0.000000s ]
INFO: [ app_init ] --END-- [ RunTime:0.001000s ]

[ 2016-04-01T10:43:59+08:00 ] 127.0.0.1 /wsgz/home/personal/waterdocument.html
INFO: [ app_init ] --START--
INFO: Run Behavior\BuildLiteBehavior [ RunTime:0.000000s ]
INFO: [ app_init ] --END-- [ RunTime:0.002000s ]

[ 2016-04-01T10:45:06+08:00 ] 127.0.0.1 /wsgz/home/personal/documentadd.html
INFO: [ app_init ] --START--
INFO: Run Behavior\BuildLiteBehavior [ RunTime:0.000000s ]
INFO: [ app_init ] --END-- [ RunTime:0.001000s ]

[ 2016-04-01T10:46:17+08:00 ] 127.0.0.1 /wsgz/home/personal/documentadd.html
INFO: [ app_init ] --START--
INFO: Run Behavior\BuildLiteBehavior [ RunTime:0.000000s ]
INFO: [ app_init ] --END-- [ RunTime:0.002000s ]

[ 2016-04-01T10:46:23+08:00 ] 127.0.0.1 /wsgz/home/personal/documentadd_fun.html
INFO: [ app_init ] --START--
INFO: Run Behavior\BuildLiteBehavior [ RunTime:0.001000s ]
INFO: [ app_init ] --END-- [ RunTime:0.001000s ]

[ 2016-04-01T10:46:35+08:00 ] 127.0.0.1 /wsgz/home/personal/documentadd.html
INFO: [ app_init ] --START--
INFO: Run Behavior\BuildLiteBehavior [ RunTime:0.000000s ]
INFO: [ app_init ] --END-- [ RunTime:0.002000s ]

[ 2016-04-01T10:46:39+08:00 ] 127.0.0.1 /wsgz/home/personal/documentadd_fun.html
INFO: [ app_init ] --START--
INFO: Run Behavior\BuildLiteBehavior [ RunTime:0.000000s ]
INFO: [ app_init ] --END-- [ RunTime:0.003000s ]

[ 2016-04-01T10:46:40+08:00 ] 127.0.0.1 /wsgz/home/personal/waterdocument.html
INFO: [ app_init ] --START--
INFO: Run Behavior\BuildLiteBehavior [ RunTime:0.000000s ]
INFO: [ app_init ] --END-- [ RunTime:0.001000s ]

[ 2016-04-01T10:46:41+08:00 ] 127.0.0.1 /wsgz/home/personal/documentres/id/2.html
INFO: [ app_init ] --START--
INFO: Run Behavior\BuildLiteBehavior [ RunTime:0.000000s ]
INFO: [ app_init ] --END-- [ RunTime:0.002000s ]
ERR: 模板不存在:./wsgz/Home/View/Personal/documentres.html

[ 2016-04-01T10:48:25+08:00 ] 127.0.0.1 /wsgz/home/personal/documentres/id/2.html
INFO: [ app_init ] --START--
INFO: Run Behavior\BuildLiteBehavior [ RunTime:0.000000s ]
INFO: [ app_init ] --END-- [ RunTime:0.003001s ]

[ 2016-04-01T10:48:55+08:00 ] 127.0.0.1 /wsgz/home/personal/documentres/id/2.html
INFO: [ app_init ] --START--
INFO: Run Behavior\BuildLiteBehavior [ RunTime:0.000000s ]
INFO: [ app_init ] --END-- [ RunTime:0.001000s ]

[ 2016-04-01T10:50:19+08:00 ] 127.0.0.1 /wsgz/home/personal/documentres/id/2.html
INFO: [ app_init ] --START--
INFO: Run Behavior\BuildLiteBehavior [ RunTime:0.000000s ]
INFO: [ app_init ] --END-- [ RunTime:0.002000s ]

[ 2016-04-01T10:50:23+08:00 ] 127.0.0.1 /wsgz/home/personal/provinceres_fun.html
INFO: [ app_init ] --START--
INFO: Run Behavior\BuildLiteBehavior [ RunTime:0.001000s ]
INFO: [ app_init ] --END-- [ RunTime:0.001000s ]

[ 2016-04-01T10:50:26+08:00 ] 127.0.0.1 /wsgz/home/personal/waterprovince.html
INFO: [ app_init ] --START--
INFO: Run Behavior\BuildLiteBehavior [ RunTime:0.000000s ]
INFO: [ app_init ] --END-- [ RunTime:0.001000s ]

[ 2016-04-01T10:51:14+08:00 ] 127.0.0.1 /wsgz/home/personal/waterdocument.html
INFO: [ app_init ] --START--
INFO: Run Behavior\BuildLiteBehavior [ RunTime:0.000000s ]
INFO: [ app_init ] --END-- [ RunTime:0.001001s ]

[ 2016-04-01T10:51:15+08:00 ] 127.0.0.1 /wsgz/home/personal/documentres/id/2.html
INFO: [ app_init ] --START--
INFO: Run Behavior\BuildLiteBehavior [ RunTime:0.000000s ]
INFO: [ app_init ] --END-- [ RunTime:0.002000s ]

[ 2016-04-01T10:51:18+08:00 ] 127.0.0.1 /wsgz/home/personal/documentres_fun.html
INFO: [ app_init ] --START--
INFO: Run Behavior\BuildLiteBehavior [ RunTime:0.001000s ]
INFO: [ app_init ] --END-- [ RunTime:0.001000s ]

[ 2016-04-01T10:51:19+08:00 ] 127.0.0.1 /wsgz/home/personal/waterdocument.html
INFO: [ app_init ] --START--
INFO: Run Behavior\BuildLiteBehavior [ RunTime:0.000000s ]
INFO: [ app_init ] --END-- [ RunTime:0.000000s ]

[ 2016-04-01T10:51:23+08:00 ] 127.0.0.1 /wsgz/home/personal/documentdel/id/2.html
INFO: [ app_init ] --START--
INFO: Run Behavior\BuildLiteBehavior [ RunTime:0.000000s ]
INFO: [ app_init ] --END-- [ RunTime:0.001000s ]

[ 2016-04-01T10:51:24+08:00 ] 127.0.0.1 /wsgz/home/personal/waterdocument.html
INFO: [ app_init ] --START--
INFO: Run Behavior\BuildLiteBehavior [ RunTime:0.000000s ]
INFO: [ app_init ] --END-- [ RunTime:0.001000s ]

[ 2016-04-01T10:51:26+08:00 ] 127.0.0.1 /wsgz/home/personal/waterprovince.html
INFO: [ app_init ] --START--
INFO: Run Behavior\BuildLiteBehavior [ RunTime:0.000000s ]
INFO: [ app_init ] --END-- [ RunTime:0.001000s ]

[ 2016-04-01T10:51:28+08:00 ] 127.0.0.1 /wsgz/home/personal/waterdocument.html
INFO: [ app_init ] --START--
INFO: Run Behavior\BuildLiteBehavior [ RunTime:0.000000s ]
INFO: [ app_init ] --END-- [ RunTime:0.001000s ]

[ 2016-04-01T10:51:56+08:00 ] 127.0.0.1 /wsgz/home/personal/pwdfix.html
INFO: [ app_init ] --START--
INFO: Run Behavior\BuildLiteBehavior [ RunTime:0.001000s ]
INFO: [ app_init ] --END-- [ RunTime:0.001000s ]

[ 2016-04-01T10:53:10+08:00 ] 127.0.0.1 /wsgz/home/personal/pwdfix.html
INFO: [ app_init ] --START--
INFO: Run Behavior\BuildLiteBehavior [ RunTime:0.001000s ]
INFO: [ app_init ] --END-- [ RunTime:0.002000s ]

[ 2016-04-01T10:53:24+08:00 ] 127.0.0.1 /wsgz/home/personal/pwdfix.html
INFO: [ app_init ] --START--
INFO: Run Behavior\BuildLiteBehavior [ RunTime:0.000000s ]
INFO: [ app_init ] --END-- [ RunTime:0.002001s ]

[ 2016-04-01T10:53:31+08:00 ] 127.0.0.1 /wsgz/home/personal/pwdfix.html
INFO: [ app_init ] --START--
INFO: Run Behavior\BuildLiteBehavior [ RunTime:0.000000s ]
INFO: [ app_init ] --END-- [ RunTime:0.000000s ]

[ 2016-04-01T10:54:50+08:00 ] 127.0.0.1 /wsgz/home/personal/pwdfix.html
INFO: [ app_init ] --START--
INFO: Run Behavior\BuildLiteBehavior [ RunTime:0.001000s ]
INFO: [ app_init ] --END-- [ RunTime:0.001000s ]

[ 2016-04-01T10:54:53+08:00 ] 127.0.0.1 /wsgz/home/personal/changepwd.html
INFO: [ app_init ] --START--
INFO: Run Behavior\BuildLiteBehavior [ RunTime:0.000000s ]
INFO: [ app_init ] --END-- [ RunTime:0.001000s ]

[ 2016-04-01T10:54:55+08:00 ] 127.0.0.1 /wsgz/home/personal/pwdfix.html
INFO: [ app_init ] --START--
INFO: Run Behavior\BuildLiteBehavior [ RunTime:0.000000s ]
INFO: [ app_init ] --END-- [ RunTime:0.001000s ]

[ 2016-04-01T10:54:58+08:00 ] 127.0.0.1 /wsgz/home/personal/changepwd.html
INFO: [ app_init ] --START--
INFO: Run Behavior\BuildLiteBehavior [ RunTime:0.000000s ]
INFO: [ app_init ] --END-- [ RunTime:0.001000s ]

[ 2016-04-01T10:54:59+08:00 ] 127.0.0.1 /wsgz/home/personal/pwdfix.html
INFO: [ app_init ] --START--
INFO: Run Behavior\BuildLiteBehavior [ RunTime:0.000000s ]
INFO: [ app_init ] --END-- [ RunTime:0.001000s ]

[ 2016-04-01T10:55:24+08:00 ] 127.0.0.1 /wsgz/home/personal/waterprovince.html
INFO: [ app_init ] --START--
INFO: Run Behavior\BuildLiteBehavior [ RunTime:0.000000s ]
INFO: [ app_init ] --END-- [ RunTime:0.000000s ]

[ 2016-04-01T10:55:25+08:00 ] 127.0.0.1 /wsgz/home/personal/pwdfix.html
INFO: [ app_init ] --START--
INFO: Run Behavior\BuildLiteBehavior [ RunTime:0.000000s ]
INFO: [ app_init ] --END-- [ RunTime:0.002000s ]

[ 2016-04-01T10:55:48+08:00 ] 127.0.0.1 /wsgz/home/personal/pwdfix.html
INFO: [ app_init ] --START--
INFO: Run Behavior\BuildLiteBehavior [ RunTime:0.000000s ]
INFO: [ app_init ] --END-- [ RunTime:0.001000s ]

[ 2016-04-01T10:56:08+08:00 ] 127.0.0.1 /wsgz/home/personal/pwdfix.html
INFO: [ app_init ] --START--
INFO: Run Behavior\BuildLiteBehavior [ RunTime:0.001000s ]
INFO: [ app_init ] --END-- [ RunTime:0.002000s ]

[ 2016-04-01T10:56:16+08:00 ] 127.0.0.1 /wsgz/home/personal/pwdfix.html
INFO: [ app_init ] --START--
INFO: Run Behavior\BuildLiteBehavior [ RunTime:0.000000s ]
INFO: [ app_init ] --END-- [ RunTime:0.002000s ]

[ 2016-04-01T10:56:30+08:00 ] 127.0.0.1 /wsgz/home/personal/noticelist.html
INFO: [ app_init ] --START--
INFO: Run Behavior\BuildLiteBehavior [ RunTime:0.000000s ]
INFO: [ app_init ] --END-- [ RunTime:0.001000s ]

[ 2016-04-01T10:56:32+08:00 ] 127.0.0.1 /wsgz/home/personal/articlelist.html
INFO: [ app_init ] --START--
INFO: Run Behavior\BuildLiteBehavior [ RunTime:0.000000s ]
INFO: [ app_init ] --END-- [ RunTime:0.003001s ]

[ 2016-04-01T10:56:37+08:00 ] 127.0.0.1 /wsgz/home/news/news.html
INFO: [ app_init ] --START--
INFO: Run Behavior\BuildLiteBehavior [ RunTime:0.000000s ]
INFO: [ app_init ] --END-- [ RunTime:0.001000s ]

[ 2016-04-01T10:56:44+08:00 ] 127.0.0.1 /wsgz/home/index/index.html
INFO: [ app_init ] --START--
INFO: Run Behavior\BuildLiteBehavior [ RunTime:0.001000s ]
INFO: [ app_init ] --END-- [ RunTime:0.002000s ]

[ 2016-04-01T10:56:51+08:00 ] 127.0.0.1 /wsgz/home/index/comshow.html
INFO: [ app_init ] --START--
INFO: Run Behavior\BuildLiteBehavior [ RunTime:0.000000s ]
INFO: [ app_init ] --END-- [ RunTime:0.001000s ]

[ 2016-04-01T10:56:56+08:00 ] 127.0.0.1 /wsgz/home/index/infoshow.html
INFO: [ app_init ] --START--
INFO: Run Behavior\BuildLiteBehavior [ RunTime:0.000000s ]
INFO: [ app_init ] --END-- [ RunTime:0.002000s ]

[ 2016-04-01T10:59:36+08:00 ] 127.0.0.1 /wsgz/home/index/infoshow.html
INFO: [ app_init ] --START--
INFO: Run Behavior\BuildLiteBehavior [ RunTime:0.000000s ]
INFO: [ app_init ] --END-- [ RunTime:0.003000s ]

[ 2016-04-01T11:00:18+08:00 ] 127.0.0.1 /wsgz/home/index/infoshow.html
INFO: [ app_init ] --START--
INFO: Run Behavior\BuildLiteBehavior [ RunTime:0.000000s ]
INFO: [ app_init ] --END-- [ RunTime:0.001000s ]

[ 2016-04-01T11:01:22+08:00 ] 127.0.0.1 /wsgz/home/index/infoshow.html
INFO: [ app_init ] --START--
INFO: Run Behavior\BuildLiteBehavior [ RunTime:0.000000s ]
INFO: [ app_init ] --END-- [ RunTime:0.002000s ]

[ 2016-04-01T11:01:24+08:00 ] 127.0.0.1 /wsgz/home/index/infoshow.html
INFO: [ app_init ] --START--
INFO: Run Behavior\BuildLiteBehavior [ RunTime:0.001000s ]
INFO: [ app_init ] --END-- [ RunTime:0.002000s ]

[ 2016-04-01T11:01:36+08:00 ] 127.0.0.1 /wsgz/home/index/infoshow.html
INFO: [ app_init ] --START--
INFO: Run Behavior\BuildLiteBehavior [ RunTime:0.000000s ]
INFO: [ app_init ] --END-- [ RunTime:0.002000s ]

[ 2016-04-01T11:01:37+08:00 ] 127.0.0.1 /wsgz/home/index/infoshow.html
INFO: [ app_init ] --START--
INFO: Run Behavior\BuildLiteBehavior [ RunTime:0.000000s ]
INFO: [ app_init ] --END-- [ RunTime:0.001000s ]

[ 2016-04-01T11:01:37+08:00 ] 127.0.0.1 /wsgz/home/index/infoshow.html
INFO: [ app_init ] --START--
INFO: Run Behavior\BuildLiteBehavior [ RunTime:0.001000s ]
INFO: [ app_init ] --END-- [ RunTime:0.002000s ]

[ 2016-04-01T11:01:55+08:00 ] 127.0.0.1 /wsgz/home/index/infoshow.html
INFO: [ app_init ] --START--
INFO: Run Behavior\BuildLiteBehavior [ RunTime:0.000000s ]
INFO: [ app_init ] --END-- [ RunTime:0.002000s ]

[ 2016-04-01T11:01:56+08:00 ] 127.0.0.1 /wsgz/home/index/infoshow.html
INFO: [ app_init ] --START--
INFO: Run Behavior\BuildLiteBehavior [ RunTime:0.000000s ]
INFO: [ app_init ] --END-- [ RunTime:0.002000s ]

[ 2016-04-01T11:01:57+08:00 ] 127.0.0.1 /wsgz/home/index/infoshow.html
INFO: [ app_init ] --START--
INFO: Run Behavior\BuildLiteBehavior [ RunTime:0.000000s ]
INFO: [ app_init ] --END-- [ RunTime:0.001000s ]

[ 2016-04-01T11:01:57+08:00 ] 127.0.0.1 /wsgz/home/index/infoshow.html
INFO: [ app_init ] --START--
INFO: Run Behavior\BuildLiteBehavior [ RunTime:0.001001s ]
INFO: [ app_init ] --END-- [ RunTime:0.002001s ]

[ 2016-04-01T11:02:03+08:00 ] 127.0.0.1 /wsgz/home/index/infoshow.html
INFO: [ app_init ] --START--
INFO: Run Behavior\BuildLiteBehavior [ RunTime:0.000000s ]
INFO: [ app_init ] --END-- [ RunTime:0.001000s ]

[ 2016-04-01T11:02:14+08:00 ] 127.0.0.1 /wsgz/home/index/infoshow.html
INFO: [ app_init ] --START--
INFO: Run Behavior\BuildLiteBehavior [ RunTime:0.001000s ]
INFO: [ app_init ] --END-- [ RunTime:0.002000s ]

[ 2016-04-01T11:02:15+08:00 ] 127.0.0.1 /wsgz/home/index/infoshow.html
INFO: [ app_init ] --START--
INFO: Run Behavior\BuildLiteBehavior [ RunTime:0.000000s ]
INFO: [ app_init ] --END-- [ RunTime:0.001000s ]

[ 2016-04-01T11:04:08+08:00 ] 127.0.0.1 /wsgz/home/index/infoshow.html
INFO: [ app_init ] --START--
INFO: Run Behavior\BuildLiteBehavior [ RunTime:0.001000s ]
INFO: [ app_init ] --END-- [ RunTime:0.003000s ]

[ 2016-04-01T11:05:29+08:00 ] 127.0.0.1 /wsgz/home/index/infoshow.html
INFO: [ app_init ] --START--
INFO: Run Behavior\BuildLiteBehavior [ RunTime:0.000000s ]
INFO: [ app_init ] --END-- [ RunTime:0.001000s ]

[ 2016-04-01T11:05:30+08:00 ] 127.0.0.1 /wsgz/home/index/infoshow.html
INFO: [ app_init ] --START--
INFO: Run Behavior\BuildLiteBehavior [ RunTime:0.000000s ]
INFO: [ app_init ] --END-- [ RunTime:0.001000s ]

[ 2016-04-01T11:05:34+08:00 ] 127.0.0.1 /wsgz/home/index/infoshow.html
INFO: [ app_init ] --START--
INFO: Run Behavior\BuildLiteBehavior [ RunTime:0.001000s ]
INFO: [ app_init ] --END-- [ RunTime:0.002000s ]

[ 2016-04-01T11:05:45+08:00 ] 127.0.0.1 /wsgz/home/index/infoshow.html
INFO: [ app_init ] --START--
INFO: Run Behavior\BuildLiteBehavior [ RunTime:0.000000s ]
INFO: [ app_init ] --END-- [ RunTime:0.004000s ]

[ 2016-04-01T11:06:03+08:00 ] 127.0.0.1 /wsgz/home/index/infoshow.html
INFO: [ app_init ] --START--
INFO: Run Behavior\BuildLiteBehavior [ RunTime:0.000000s ]
INFO: [ app_init ] --END-- [ RunTime:0.001000s ]

[ 2016-04-01T11:11:35+08:00 ] 127.0.0.1 /wsgz/home/index/infoshow.html
INFO: [ app_init ] --START--
INFO: Run Behavior\BuildLiteBehavior [ RunTime:0.000000s ]
INFO: [ app_init ] --END-- [ RunTime:0.002000s ]

[ 2016-04-01T11:11:36+08:00 ] 127.0.0.1 /wsgz/home/index/infoshow.html
INFO: [ app_init ] --START--
INFO: Run Behavior\BuildLiteBehavior [ RunTime:0.000000s ]
INFO: [ app_init ] --END-- [ RunTime:0.002000s ]

[ 2016-04-01T11:11:36+08:00 ] 127.0.0.1 /wsgz/home/index/infoshow.html
INFO: [ app_init ] --START--
INFO: Run Behavior\BuildLiteBehavior [ RunTime:0.000000s ]
INFO: [ app_init ] --END-- [ RunTime:0.013001s ]

[ 2016-04-01T11:11:36+08:00 ] 127.0.0.1 /wsgz/home/index/infoshow.html
INFO: [ app_init ] --START--
INFO: Run Behavior\BuildLiteBehavior [ RunTime:0.000000s ]
INFO: [ app_init ] --END-- [ RunTime:0.002000s ]

[ 2016-04-01T11:12:30+08:00 ] 127.0.0.1 /wsgz/home/index/infoshow.html
INFO: [ app_init ] --START--
INFO: Run Behavior\BuildLiteBehavior [ RunTime:0.000000s ]
INFO: [ app_init ] --END-- [ RunTime:0.003000s ]

[ 2016-04-01T11:18:02+08:00 ] 127.0.0.1 /wsgz/home/index/infoshow.html
INFO: [ app_init ] --START--
INFO: Run Behavior\BuildLiteBehavior [ RunTime:0.000000s ]
INFO: [ app_init ] --END-- [ RunTime:0.001000s ]

[ 2016-04-01T11:23:17+08:00 ] 127.0.0.1 /wsgz/home/index/infoshow.html
INFO: [ app_init ] --START--
INFO: Run Behavior\BuildLiteBehavior [ RunTime:0.000000s ]
INFO: [ app_init ] --END-- [ RunTime:0.001000s ]

[ 2016-04-01T11:23:31+08:00 ] 127.0.0.1 /wsgz/home/index/infoshow.html
INFO: [ app_init ] --START--
INFO: Run Behavior\BuildLiteBehavior [ RunTime:0.000000s ]
INFO: [ app_init ] --END-- [ RunTime:0.002000s ]

[ 2016-04-01T11:23:59+08:00 ] 127.0.0.1 /wsgz/home/index/infoshow.html
INFO: [ app_init ] --START--
INFO: Run Behavior\BuildLiteBehavior [ RunTime:0.000000s ]
INFO: [ app_init ] --END-- [ RunTime:0.002000s ]

[ 2016-04-01T11:23:59+08:00 ] 127.0.0.1 /wsgz/home/index/infoshow.html
INFO: [ app_init ] --START--
INFO: Run Behavior\BuildLiteBehavior [ RunTime:0.000000s ]
INFO: [ app_init ] --END-- [ RunTime:0.002000s ]

[ 2016-04-01T11:24:04+08:00 ] 127.0.0.1 /wsgz/home/index/infoshow.html
INFO: [ app_init ] --START--
INFO: Run Behavior\BuildLiteBehavior [ RunTime:0.000000s ]
INFO: [ app_init ] --END-- [ RunTime:0.001000s ]

[ 2016-04-01T11:24:14+08:00 ] 127.0.0.1 /wsgz/home/index/infoshow.html
INFO: [ app_init ] --START--
INFO: Run Behavior\BuildLiteBehavior [ RunTime:0.000000s ]
INFO: [ app_init ] --END-- [ RunTime:0.001000s ]

[ 2016-04-01T11:24:17+08:00 ] 127.0.0.1 /wsgz/home/index/infoshow.html
INFO: [ app_init ] --START--
INFO: Run Behavior\BuildLiteBehavior [ RunTime:0.000000s ]
INFO: [ app_init ] --END-- [ RunTime:0.002000s ]

[ 2016-04-01T11:24:59+08:00 ] 127.0.0.1 /wsgz/home/index/infoshow.html
INFO: [ app_init ] --START--
INFO: Run Behavior\BuildLiteBehavior [ RunTime:0.001000s ]
INFO: [ app_init ] --END-- [ RunTime:0.001000s ]

[ 2016-04-01T11:25:19+08:00 ] 127.0.0.1 /wsgz/home/index/infoshow.html
INFO: [ app_init ] --START--
INFO: Run Behavior\BuildLiteBehavior [ RunTime:0.000000s ]
INFO: [ app_init ] --END-- [ RunTime:0.002000s ]

[ 2016-04-01T11:25:31+08:00 ] 127.0.0.1 /wsgz/home/index/infoshow.html
INFO: [ app_init ] --START--
INFO: Run Behavior\BuildLiteBehavior [ RunTime:0.000000s ]
INFO: [ app_init ] --END-- [ RunTime:0.001000s ]

[ 2016-04-01T11:25:49+08:00 ] 127.0.0.1 /wsgz/home/index/infoshow.html
INFO: [ app_init ] --START--
INFO: Run Behavior\BuildLiteBehavior [ RunTime:0.001000s ]
INFO: [ app_init ] --END-- [ RunTime:0.002000s ]

[ 2016-04-01T11:25:54+08:00 ] 127.0.0.1 /wsgz/home/index/infoshow.html
INFO: [ app_init ] --START--
INFO: Run Behavior\BuildLiteBehavior [ RunTime:0.000000s ]
INFO: [ app_init ] --END-- [ RunTime:0.001000s ]

[ 2016-04-01T11:26:00+08:00 ] 127.0.0.1 /wsgz/home/index/infoshow.html
INFO: [ app_init ] --START--
INFO: Run Behavior\BuildLiteBehavior [ RunTime:0.000000s ]
INFO: [ app_init ] --END-- [ RunTime:0.003000s ]

[ 2016-04-01T11:26:09+08:00 ] 127.0.0.1 /wsgz/home/index/infoshow.html
INFO: [ app_init ] --START--
INFO: Run Behavior\BuildLiteBehavior [ RunTime:0.000000s ]
INFO: [ app_init ] --END-- [ RunTime:0.001000s ]

[ 2016-04-01T11:26:24+08:00 ] 127.0.0.1 /wsgz/home/index/infoshow.html
INFO: [ app_init ] --START--
INFO: Run Behavior\BuildLiteBehavior [ RunTime:0.000000s ]
INFO: [ app_init ] --END-- [ RunTime:0.002000s ]

[ 2016-04-01T11:26:39+08:00 ] 127.0.0.1 /wsgz/home/index/index.html
INFO: [ app_init ] --START--
INFO: Run Behavior\BuildLiteBehavior [ RunTime:0.000000s ]
INFO: [ app_init ] --END-- [ RunTime:0.001000s ]

[ 2016-04-01T11:26:45+08:00 ] 127.0.0.1 /wsgz/home/index/infoshow.html
INFO: [ app_init ] --START--
INFO: Run Behavior\BuildLiteBehavior [ RunTime:0.001000s ]
INFO: [ app_init ] --END-- [ RunTime:0.002000s ]

[ 2016-04-01T11:26:50+08:00 ] 127.0.0.1 /wsgz/home/index/pediashow.html
INFO: [ app_init ] --START--
INFO: Run Behavior\BuildLiteBehavior [ RunTime:0.001000s ]
INFO: [ app_init ] --END-- [ RunTime:0.002000s ]

[ 2016-04-01T11:28:02+08:00 ] 127.0.0.1 /wsgz/home/index/pediashow.html
INFO: [ app_init ] --START--
INFO: Run Behavior\BuildLiteBehavior [ RunTime:0.000000s ]
INFO: [ app_init ] --END-- [ RunTime:0.001000s ]

[ 2016-04-01T11:28:16+08:00 ] 127.0.0.1 /wsgz/home/index/pediashow.html
INFO: [ app_init ] --START--
INFO: Run Behavior\BuildLiteBehavior [ RunTime:0.001000s ]
INFO: [ app_init ] --END-- [ RunTime:0.002000s ]

[ 2016-04-01T11:31:58+08:00 ] 127.0.0.1 /wsgz/home/index/pediashow.html
INFO: [ app_init ] --START--
INFO: Run Behavior\BuildLiteBehavior [ RunTime:0.000000s ]
INFO: [ app_init ] --END-- [ RunTime:0.002000s ]

[ 2016-04-01T11:32:10+08:00 ] 127.0.0.1 /wsgz/home/index/pediashow.html
INFO: [ app_init ] --START--
INFO: Run Behavior\BuildLiteBehavior [ RunTime:0.000000s ]
INFO: [ app_init ] --END-- [ RunTime:0.001000s ]

[ 2016-04-01T11:37:25+08:00 ] 127.0.0.1 /wsgz/home/index/pediashow.html
INFO: [ app_init ] --START--
INFO: Run Behavior\BuildLiteBehavior [ RunTime:0.000000s ]
INFO: [ app_init ] --END-- [ RunTime:0.002000s ]

[ 2016-04-01T11:39:03+08:00 ] 127.0.0.1 /wsgz/home/index/index.html
INFO: [ app_init ] --START--
INFO: Run Behavior\BuildLiteBehavior [ RunTime:0.000000s ]
INFO: [ app_init ] --END-- [ RunTime:0.000000s ]

[ 2016-04-01T11:39:06+08:00 ] 127.0.0.1 /wsgz/home/index/infoshow.html
INFO: [ app_init ] --START--
INFO: Run Behavior\BuildLiteBehavior [ RunTime:0.000000s ]
INFO: [ app_init ] --END-- [ RunTime:0.001000s ]

[ 2016-04-01T11:39:29+08:00 ] 127.0.0.1 /wsgz/home/index/index.html
INFO: [ app_init ] --START--
INFO: Run Behavior\BuildLiteBehavior [ RunTime:0.000000s ]
INFO: [ app_init ] --END-- [ RunTime:0.001001s ]

[ 2016-04-01T11:39:32+08:00 ] 127.0.0.1 /wsgz/home/index/pediashow.html
INFO: [ app_init ] --START--
INFO: Run Behavior\BuildLiteBehavior [ RunTime:0.000000s ]
INFO: [ app_init ] --END-- [ RunTime:0.002000s ]

[ 2016-04-01T11:39:54+08:00 ] 127.0.0.1 /wsgz/home/index/pediashow.html
INFO: [ app_init ] --START--
INFO: Run Behavior\BuildLiteBehavior [ RunTime:0.000000s ]
INFO: [ app_init ] --END-- [ RunTime:0.001000s ]

[ 2016-04-01T11:40:13+08:00 ] 127.0.0.1 /wsgz/home/index/index.html
INFO: [ app_init ] --START--
INFO: Run Behavior\BuildLiteBehavior [ RunTime:0.000000s ]
INFO: [ app_init ] --END-- [ RunTime:0.000000s ]

[ 2016-04-01T11:41:51+08:00 ] 127.0.0.1 /wsgz/home/index/index.html
INFO: [ app_init ] --START--
INFO: Run Behavior\BuildLiteBehavior [ RunTime:0.000000s ]
INFO: [ app_init ] --END-- [ RunTime:0.003000s ]

[ 2016-04-01T11:42:21+08:00 ] 127.0.0.1 /wsgz/home/index/index.html
INFO: [ app_init ] --START--
INFO: Run Behavior\BuildLiteBehavior [ RunTime:0.000000s ]
INFO: [ app_init ] --END-- [ RunTime:0.001000s ]

[ 2016-04-01T11:42:36+08:00 ] 127.0.0.1 /wsgz/home/index/index.html
INFO: [ app_init ] --START--
INFO: Run Behavior\BuildLiteBehavior [ RunTime:0.000000s ]
INFO: [ app_init ] --END-- [ RunTime:0.002000s ]

[ 2016-04-01T11:42:52+08:00 ] 127.0.0.1 /wsgz/home/index/index.html
INFO: [ app_init ] --START--
INFO: Run Behavior\BuildLiteBehavior [ RunTime:0.000000s ]
INFO: [ app_init ] --END-- [ RunTime:0.002000s ]

[ 2016-04-01T11:43:31+08:00 ] 127.0.0.1 /wsgz/home/index/index.html
INFO: [ app_init ] --START--
INFO: Run Behavior\BuildLiteBehavior [ RunTime:0.000000s ]
INFO: [ app_init ] --END-- [ RunTime:0.001000s ]

[ 2016-04-01T11:48:35+08:00 ] 127.0.0.1 /wsgz/home/index/index.html
INFO: [ app_init ] --START--
INFO: Run Behavior\BuildLiteBehavior [ RunTime:0.000000s ]
INFO: [ app_init ] --END-- [ RunTime:0.002000s ]

[ 2016-04-01T11:48:57+08:00 ] 127.0.0.1 /wsgz/home/index/index.html
INFO: [ app_init ] --START--
INFO: Run Behavior\BuildLiteBehavior [ RunTime:0.000000s ]
INFO: [ app_init ] --END-- [ RunTime:0.001000s ]

[ 2016-04-01T11:49:40+08:00 ] 127.0.0.1 /wsgz/home/index/infoshow.html
INFO: [ app_init ] --START--
INFO: Run Behavior\BuildLiteBehavior [ RunTime:0.000000s ]
INFO: [ app_init ] --END-- [ RunTime:0.002000s ]

[ 2016-04-01T11:49:47+08:00 ] 127.0.0.1 /wsgz/home/case/map.html
INFO: [ app_init ] --START--
INFO: Run Behavior\BuildLiteBehavior [ RunTime:0.000000s ]
INFO: [ app_init ] --END-- [ RunTime:0.001000s ]

[ 2016-04-01T11:50:11+08:00 ] 127.0.0.1 /wsgz/home/about/about.html
INFO: [ app_init ] --START--
INFO: Run Behavior\BuildLiteBehavior [ RunTime:0.000000s ]
INFO: [ app_init ] --END-- [ RunTime:0.001000s ]

[ 2016-04-01T11:51:21+08:00 ] 127.0.0.1 /wsgz/home/about/about.html
INFO: [ app_init ] --START--
INFO: Run Behavior\BuildLiteBehavior [ RunTime:0.000000s ]
INFO: [ app_init ] --END-- [ RunTime:0.002000s ]

[ 2016-04-01T11:53:38+08:00 ] 127.0.0.1 /wsgz/home/case/map.html
INFO: [ app_init ] --START--
INFO: Run Behavior\BuildLiteBehavior [ RunTime:0.000000s ]
INFO: [ app_init ] --END-- [ RunTime:0.001000s ]

[ 2016-04-01T11:53:39+08:00 ] 127.0.0.1 /wsgz/home/index/index.html
INFO: [ app_init ] --START--
INFO: Run Behavior\BuildLiteBehavior [ RunTime:0.000000s ]
INFO: [ app_init ] --END-- [ RunTime:0.002000s ]

[ 2016-04-01T11:53:42+08:00 ] 127.0.0.1 /wsgz/home/personal/index.html
INFO: [ app_init ] --START--
INFO: Run Behavior\BuildLiteBehavior [ RunTime:0.000000s ]
INFO: [ app_init ] --END-- [ RunTime:0.000000s ]

[ 2016-04-01T11:53:45+08:00 ] 127.0.0.1 /wsgz/home/personal/noticelist.html
INFO: [ app_init ] --START--
INFO: Run Behavior\BuildLiteBehavior [ RunTime:0.000000s ]
INFO: [ app_init ] --END-- [ RunTime:0.001000s ]

[ 2016-04-01T11:53:47+08:00 ] 127.0.0.1 /wsgz/home/personal/articlelist.html
INFO: [ app_init ] --START--
INFO: Run Behavior\BuildLiteBehavior [ RunTime:0.000000s ]
INFO: [ app_init ] --END-- [ RunTime:0.001000s ]

[ 2016-04-01T11:53:50+08:00 ] 127.0.0.1 /wsgz/home/personal/waterproject.html
INFO: [ app_init ] --START--
INFO: Run Behavior\BuildLiteBehavior [ RunTime:0.000000s ]
INFO: [ app_init ] --END-- [ RunTime:0.002000s ]

[ 2016-04-01T11:53:56+08:00 ] 127.0.0.1 /wsgz/home/personal/pwdfix.html
INFO: [ app_init ] --START--
INFO: Run Behavior\BuildLiteBehavior [ RunTime:0.000000s ]
INFO: [ app_init ] --END-- [ RunTime:0.001000s ]

[ 2016-04-01T11:55:32+08:00 ] 127.0.0.1 /wsgz/home/personal/pwdfix.html
INFO: [ app_init ] --START--
INFO: Run Behavior\BuildLiteBehavior [ RunTime:0.000000s ]
INFO: [ app_init ] --END-- [ RunTime:0.001000s ]

[ 2016-04-01T11:55:36+08:00 ] 127.0.0.1 /wsgz/home/personal/waterprovince.html
INFO: [ app_init ] --START--
INFO: Run Behavior\BuildLiteBehavior [ RunTime:0.000000s ]
INFO: [ app_init ] --END-- [ RunTime:0.001000s ]

[ 2016-04-01T11:55:40+08:00 ] 127.0.0.1 /wsgz/home/personal/waterdocument.html
INFO: [ app_init ] --START--
INFO: Run Behavior\BuildLiteBehavior [ RunTime:0.000000s ]
INFO: [ app_init ] --END-- [ RunTime:0.002000s ]

[ 2016-04-01T11:55:42+08:00 ] 127.0.0.1 /wsgz/home/personal/waterproject.html
INFO: [ app_init ] --START--
INFO: Run Behavior\BuildLiteBehavior [ RunTime:0.000000s ]
INFO: [ app_init ] --END-- [ RunTime:0.002000s ]

[ 2016-04-01T11:55:44+08:00 ] 127.0.0.1 /wsgz/home/personal/watercompany.html
INFO: [ app_init ] --START--
INFO: Run Behavior\BuildLiteBehavior [ RunTime:0.000000s ]
INFO: [ app_init ] --END-- [ RunTime:0.001000s ]

[ 2016-04-01T11:55:46+08:00 ] 127.0.0.1 /wsgz/home/personal/waterroad.html
INFO: [ app_init ] --START--
INFO: Run Behavior\BuildLiteBehavior [ RunTime:0.001000s ]
INFO: [ app_init ] --END-- [ RunTime:0.001000s ]

[ 2016-04-01T11:55:48+08:00 ] 127.0.0.1 /wsgz/home/personal/articlelist.html
INFO: [ app_init ] --START--
INFO: Run Behavior\BuildLiteBehavior [ RunTime:0.000000s ]
INFO: [ app_init ] --END-- [ RunTime:0.000000s ]

[ 2016-04-01T11:55:51+08:00 ] 127.0.0.1 /wsgz/home/personal/noticelist.html
INFO: [ app_init ] --START--
INFO: Run Behavior\BuildLiteBehavior [ RunTime:0.000000s ]
INFO: [ app_init ] --END-- [ RunTime:0.001000s ]

[ 2016-04-01T11:55:53+08:00 ] 127.0.0.1 /wsgz/home/index/index.html
INFO: [ app_init ] --START--
INFO: Run Behavior\BuildLiteBehavior [ RunTime:0.000000s ]
INFO: [ app_init ] --END-- [ RunTime:0.002000s ]

[ 2016-04-01T11:55:56+08:00 ] 127.0.0.1 /wsgz/home/index/complain.html
INFO: [ app_init ] --START--
INFO: Run Behavior\BuildLiteBehavior [ RunTime:0.001000s ]
INFO: [ app_init ] --END-- [ RunTime:0.001000s ]
INFO: [ app_begin ] --START--
INFO: Run Behavior\ReadHtmlCacheBehavior [ RunTime:0.000000s ]
INFO: [ app_begin ] --END-- [ RunTime:0.002000s ]
ERR: 非法操作:complain

[ 2016-04-01T11:57:05+08:00 ] 127.0.0.1 /wsgz/home/index/upload
INFO: [ app_init ] --START--
INFO: Run Behavior\BuildLiteBehavior [ RunTime:0.000000s ]
INFO: [ app_init ] --END-- [ RunTime:0.001001s ]

[ 2016-04-01T11:57:06+08:00 ] 127.0.0.1 /wsgz/home/index/comshow.html
INFO: [ app_init ] --START--
INFO: Run Behavior\BuildLiteBehavior [ RunTime:0.000000s ]
INFO: [ app_init ] --END-- [ RunTime:0.001000s ]

[ 2016-04-01T11:57:11+08:00 ] 127.0.0.1 /wsgz/home/personal/index.html
INFO: [ app_init ] --START--
INFO: Run Behavior\BuildLiteBehavior [ RunTime:0.000000s ]
INFO: [ app_init ] --END-- [ RunTime:0.001000s ]

[ 2016-04-01T11:57:18+08:00 ] 127.0.0.1 /wsgz/home/personal/noticelist.html
INFO: [ app_init ] --START--
INFO: Run Behavior\BuildLiteBehavior [ RunTime:0.000000s ]
INFO: [ app_init ] --END-- [ RunTime:0.001000s ]

[ 2016-04-01T11:57:20+08:00 ] 127.0.0.1 /wsgz/home/personal/passnotice/id/5.html
INFO: [ app_init ] --START--
INFO: Run Behavior\BuildLiteBehavior [ RunTime:0.000000s ]
INFO: [ app_init ] --END-- [ RunTime:0.002000s ]

[ 2016-04-01T11:57:21+08:00 ] 127.0.0.1 /wsgz/home/personal/noticelist.html
INFO: [ app_init ] --START--
INFO: Run Behavior\BuildLiteBehavior [ RunTime:0.000000s ]
INFO: [ app_init ] --END-- [ RunTime:0.001000s ]

[ 2016-04-01T11:57:22+08:00 ] 127.0.0.1 /wsgz/home/index/index.html
INFO: [ app_init ] --START--
INFO: Run Behavior\BuildLiteBehavior [ RunTime:0.000000s ]
INFO: [ app_init ] --END-- [ RunTime:0.002001s ]

[ 2016-04-01T11:57:24+08:00 ] 127.0.0.1 /wsgz/home/index/comshow.html
INFO: [ app_init ] --START--
INFO: Run Behavior\BuildLiteBehavior [ RunTime:0.000000s ]
INFO: [ app_init ] --END-- [ RunTime:0.001000s ]

[ 2016-04-01T11:58:10+08:00 ] 127.0.0.1 /wsgz/home/index/comshow.html
INFO: [ app_init ] --START--
INFO: Run Behavior\BuildLiteBehavior [ RunTime:0.000000s ]
INFO: [ app_init ] --END-- [ RunTime:0.001000s ]

[ 2016-04-01T11:58:18+08:00 ] 127.0.0.1 /wsgz/home/index/index.html
INFO: [ app_init ] --START--
INFO: Run Behavior\BuildLiteBehavior [ RunTime:0.000000s ]
INFO: [ app_init ] --END-- [ RunTime:0.001000s ]

[ 2016-04-01T11:58:20+08:00 ] 127.0.0.1 /wsgz/home/index/comshow.html
INFO: [ app_init ] --START--
INFO: Run Behavior\BuildLiteBehavior [ RunTime:0.000000s ]
INFO: [ app_init ] --END-- [ RunTime:0.001000s ]

[ 2016-04-01T11:58:28+08:00 ] 127.0.0.1 /wsgz/home/personal/index.html
INFO: [ app_init ] --START--
INFO: Run Behavior\BuildLiteBehavior [ RunTime:0.000000s ]
INFO: [ app_init ] --END-- [ RunTime:0.001000s ]

[ 2016-04-01T11:58:30+08:00 ] 127.0.0.1 /wsgz/home/personal/noticelist.html
INFO: [ app_init ] --START--
INFO: Run Behavior\BuildLiteBehavior [ RunTime:0.000000s ]
INFO: [ app_init ] --END-- [ RunTime:0.001000s ]

[ 2016-04-01T11:58:58+08:00 ] 127.0.0.1 /wsgz/home/index/index.html
INFO: [ app_init ] --START--
INFO: Run Behavior\BuildLiteBehavior [ RunTime:0.000000s ]
INFO: [ app_init ] --END-- [ RunTime:0.001000s ]

[ 2016-04-01T11:59:01+08:00 ] 127.0.0.1 /wsgz/home/index/comshow.html
INFO: [ app_init ] --START--
INFO: Run Behavior\BuildLiteBehavior [ RunTime:0.000000s ]
INFO: [ app_init ] --END-- [ RunTime:0.001000s ]

[ 2016-04-01T11:59:12+08:00 ] 127.0.0.1 /wsgz/home/index/comshow.html
INFO: [ app_init ] --START--
INFO: Run Behavior\BuildLiteBehavior [ RunTime:0.000000s ]
INFO: [ app_init ] --END-- [ RunTime:0.001000s ]

[ 2016-04-01T11:59:18+08:00 ] 127.0.0.1 /wsgz/home/personal/index.html
INFO: [ app_init ] --START--
INFO: Run Behavior\BuildLiteBehavior [ RunTime:0.000000s ]
INFO: [ app_init ] --END-- [ RunTime:0.001000s ]

[ 2016-04-01T12:09:35+08:00 ] 127.0.0.1 /wsgz/home/personal/waterprovince.html
INFO: [ app_init ] --START--
INFO: Run Behavior\BuildLiteBehavior [ RunTime:0.000000s ]
INFO: [ app_init ] --END-- [ RunTime:0.001000s ]

[ 2016-04-01T12:09:37+08:00 ] 127.0.0.1 /wsgz/home/news/news.html
INFO: [ app_init ] --START--
INFO: Run Behavior\BuildLiteBehavior [ RunTime:0.000000s ]
INFO: [ app_init ] --END-- [ RunTime:0.002000s ]

[ 2016-04-01T12:09:41+08:00 ] 127.0.0.1 /wsgz/home/news/newshow/id/6.html
INFO: [ app_init ] --START--
INFO: Run Behavior\BuildLiteBehavior [ RunTime:0.001000s ]
INFO: [ app_init ] --END-- [ RunTime:0.001000s ]

[ 2016-04-01T12:09:42+08:00 ] 127.0.0.1 /wsgz/home/news/newshow/id/class=%22img-responsive
INFO: [ app_init ] --START--
INFO: Run Behavior\BuildLiteBehavior [ RunTime:0.000000s ]
INFO: [ app_init ] --END-- [ RunTime:0.001000s ]

[ 2016-04-01T12:09:57+08:00 ] 127.0.0.1 /wsgz/home/index/index.html
INFO: [ app_init ] --START--
INFO: Run Behavior\BuildLiteBehavior [ RunTime:0.000000s ]
INFO: [ app_init ] --END-- [ RunTime:0.002000s ]

[ 2016-04-01T12:10:20+08:00 ] 127.0.0.1 /wsgz/
INFO: [ app_init ] --START--
INFO: Run Behavior\BuildLiteBehavior [ RunTime:0.000000s ]
INFO: [ app_init ] --END-- [ RunTime:0.001000s ]

[ 2016-04-01T12:10:26+08:00 ] 127.0.0.1 /wsgz/home/index/comshow.html
INFO: [ app_init ] --START--
INFO: Run Behavior\BuildLiteBehavior [ RunTime:0.000000s ]
INFO: [ app_init ] --END-- [ RunTime:0.001000s ]

[ 2016-04-01T12:19:06+08:00 ] 127.0.0.1 /wsgz/home/personal/index.html
INFO: [ app_init ] --START--
INFO: Run Behavior\BuildLiteBehavior [ RunTime:0.000000s ]
INFO: [ app_init ] --END-- [ RunTime:0.001000s ]

[ 2016-04-01T12:19:28+08:00 ] 127.0.0.1 /wsgz/home/personal/watercompany.html
INFO: [ app_init ] --START--
INFO: Run Behavior\BuildLiteBehavior [ RunTime:0.000000s ]
INFO: [ app_init ] --END-- [ RunTime:0.001000s ]

[ 2016-04-01T12:19:45+08:00 ] 127.0.0.1 /wsgz/home/personal/companyadd.html
INFO: [ app_init ] --START--
INFO: Run Behavior\BuildLiteBehavior [ RunTime:0.000000s ]
INFO: [ app_init ] --END-- [ RunTime:0.001000s ]

[ 2016-04-01T12:20:37+08:00 ] 127.0.0.1 /wsgz/home/personal/companyadd_fun.html
INFO: [ app_init ] --START--
INFO: Run Behavior\BuildLiteBehavior [ RunTime:0.000000s ]
INFO: [ app_init ] --END-- [ RunTime:0.001000s ]

[ 2016-04-01T12:20:38+08:00 ] 127.0.0.1 /wsgz/home/personal/watercompany.html
INFO: [ app_init ] --START--
INFO: Run Behavior\BuildLiteBehavior [ RunTime:0.000000s ]
INFO: [ app_init ] --END-- [ RunTime:0.001000s ]

[ 2016-04-01T12:20:47+08:00 ] 127.0.0.1 /wsgz/home/personal/waterprovince.html
INFO: [ app_init ] --START--
INFO: Run Behavior\BuildLiteBehavior [ RunTime:0.000000s ]
INFO: [ app_init ] --END-- [ RunTime:0.001000s ]

[ 2016-04-01T12:21:29+08:00 ] 127.0.0.1 /wsgz/home/personal/provinceadd.html
INFO: [ app_init ] --START--
INFO: Run Behavior\BuildLiteBehavior [ RunTime:0.000000s ]
INFO: [ app_init ] --END-- [ RunTime:0.001000s ]

[ 2016-04-01T12:22:06+08:00 ] 127.0.0.1 /wsgz/home/personal/provinceadd_fun.html
INFO: [ app_init ] --START--
INFO: Run Behavior\BuildLiteBehavior [ RunTime:0.000000s ]
INFO: [ app_init ] --END-- [ RunTime:0.001000s ]

[ 2016-04-01T12:22:07+08:00 ] 127.0.0.1 /wsgz/home/personal/waterprovince.html
INFO: [ app_init ] --START--
INFO: Run Behavior\BuildLiteBehavior [ RunTime:0.000000s ]
INFO: [ app_init ] --END-- [ RunTime:0.001000s ]

[ 2016-04-01T12:22:23+08:00 ] 127.0.0.1 /wsgz/home/personal/provinceadd.html
INFO: [ app_init ] --START--
INFO: Run Behavior\BuildLiteBehavior [ RunTime:0.000000s ]
INFO: [ app_init ] --END-- [ RunTime:0.001000s ]

[ 2016-04-01T12:23:38+08:00 ] 127.0.0.1 /wsgz/home/personal/provinceadd_fun.html
INFO: [ app_init ] --START--
INFO: Run Behavior\BuildLiteBehavior [ RunTime:0.000000s ]
INFO: [ app_init ] --END-- [ RunTime:0.002001s ]

[ 2016-04-01T12:23:40+08:00 ] 127.0.0.1 /wsgz/home/personal/waterprovince.html
INFO: [ app_init ] --START--
INFO: Run Behavior\BuildLiteBehavior [ RunTime:0.000000s ]
INFO: [ app_init ] --END-- [ RunTime:0.001000s ]

[ 2016-04-01T12:23:57+08:00 ] 127.0.0.1 /wsgz/home/personal/provinceadd.html
INFO: [ app_init ] --START--
INFO: Run Behavior\BuildLiteBehavior [ RunTime:0.000000s ]
INFO: [ app_init ] --END-- [ RunTime:0.001000s ]

[ 2016-04-01T12:24:17+08:00 ] 127.0.0.1 /wsgz/home/personal/provinceadd_fun.html
INFO: [ app_init ] --START--
INFO: Run Behavior\BuildLiteBehavior [ RunTime:0.000000s ]
INFO: [ app_init ] --END-- [ RunTime:0.003001s ]

[ 2016-04-01T12:24:18+08:00 ] 127.0.0.1 /wsgz/home/personal/waterprovince.html
INFO: [ app_init ] --START--
INFO: Run Behavior\BuildLiteBehavior [ RunTime:0.000000s ]
INFO: [ app_init ] --END-- [ RunTime:0.002001s ]

[ 2016-04-01T12:24:29+08:00 ] 127.0.0.1 /wsgz/home/personal/provinceadd.html
INFO: [ app_init ] --START--
INFO: Run Behavior\BuildLiteBehavior [ RunTime:0.000000s ]
INFO: [ app_init ] --END-- [ RunTime:0.002000s ]

[ 2016-04-01T12:25:10+08:00 ] 127.0.0.1 /wsgz/home/personal/provinceadd_fun.html
INFO: [ app_init ] --START--
INFO: Run Behavior\BuildLiteBehavior [ RunTime:0.000000s ]
INFO: [ app_init ] --END-- [ RunTime:0.001000s ]

[ 2016-04-01T12:25:12+08:00 ] 127.0.0.1 /wsgz/home/personal/waterprovince.html
INFO: [ app_init ] --START--
INFO: Run Behavior\BuildLiteBehavior [ RunTime:0.000000s ]
INFO: [ app_init ] --END-- [ RunTime:0.002001s ]

[ 2016-04-01T12:25:21+08:00 ] 127.0.0.1 /wsgz/home/personal/provinceadd.html
INFO: [ app_init ] --START--
INFO: Run Behavior\BuildLiteBehavior [ RunTime:0.000000s ]
INFO: [ app_init ] --END-- [ RunTime:0.001000s ]

[ 2016-04-01T12:25:55+08:00 ] 127.0.0.1 /wsgz/home/personal/provinceadd_fun.html
INFO: [ app_init ] --START--
INFO: Run Behavior\BuildLiteBehavior [ RunTime:0.000000s ]
INFO: [ app_init ] --END-- [ RunTime:0.001000s ]

[ 2016-04-01T12:25:57+08:00 ] 127.0.0.1 /wsgz/home/personal/waterprovince.html
INFO: [ app_init ] --START--
INFO: Run Behavior\BuildLiteBehavior [ RunTime:0.000000s ]
INFO: [ app_init ] --END-- [ RunTime:0.001000s ]

[ 2016-04-01T12:25:58+08:00 ] 127.0.0.1 /wsgz/home/personal/provinceadd.html
INFO: [ app_init ] --START--
INFO: Run Behavior\BuildLiteBehavior [ RunTime:0.000000s ]
INFO: [ app_init ] --END-- [ RunTime:0.001000s ]

[ 2016-04-01T12:26:33+08:00 ] 127.0.0.1 /wsgz/home/personal/provinceadd_fun.html
INFO: [ app_init ] --START--
INFO: Run Behavior\BuildLiteBehavior [ RunTime:0.000000s ]
INFO: [ app_init ] --END-- [ RunTime:0.001000s ]

[ 2016-04-01T12:26:34+08:00 ] 127.0.0.1 /wsgz/home/personal/waterprovince.html
INFO: [ app_init ] --START--
INFO: Run Behavior\BuildLiteBehavior [ RunTime:0.000000s ]
INFO: [ app_init ] --END-- [ RunTime:0.002001s ]

[ 2016-04-01T12:26:37+08:00 ] 127.0.0.1 /wsgz/home/index/index.html
INFO: [ app_init ] --START--
INFO: Run Behavior\BuildLiteBehavior [ RunTime:0.000000s ]
INFO: [ app_init ] --END-- [ RunTime:0.000000s ]

[ 2016-04-01T12:26:40+08:00 ] 127.0.0.1 /wsgz/home/index/infoshow.html
INFO: [ app_init ] --START--
INFO: Run Behavior\BuildLiteBehavior [ RunTime:0.000000s ]
INFO: [ app_init ] --END-- [ RunTime:0.001000s ]

[ 2016-04-01T12:26:44+08:00 ] 127.0.0.1 /wsgz/home/index/pediashow.html
INFO: [ app_init ] --START--
INFO: Run Behavior\BuildLiteBehavior [ RunTime:0.000000s ]
INFO: [ app_init ] --END-- [ RunTime:0.001000s ]

[ 2016-04-01T12:27:39+08:00 ] 127.0.0.1 /wsgz/home/personal/waterdocument.html
INFO: [ app_init ] --START--
INFO: Run Behavior\BuildLiteBehavior [ RunTime:0.000000s ]
INFO: [ app_init ] --END-- [ RunTime:0.001000s ]

[ 2016-04-01T12:27:45+08:00 ] 127.0.0.1 /wsgz/home/personal/documentadd.html
INFO: [ app_init ] --START--
INFO: Run Behavior\BuildLiteBehavior [ RunTime:0.000000s ]
INFO: [ app_init ] --END-- [ RunTime:0.002000s ]

[ 2016-04-01T12:28:07+08:00 ] 127.0.0.1 /wsgz/home/personal/documentadd_fun.html
INFO: [ app_init ] --START--
INFO: Run Behavior\BuildLiteBehavior [ RunTime:0.000000s ]
INFO: [ app_init ] --END-- [ RunTime:0.002000s ]

[ 2016-04-01T12:28:08+08:00 ] 127.0.0.1 /wsgz/home/personal/waterdocument.html
INFO: [ app_init ] --START--
INFO: Run Behavior\BuildLiteBehavior [ RunTime:0.000000s ]
INFO: [ app_init ] --END-- [ RunTime:0.002000s ]

[ 2016-04-01T12:28:17+08:00 ] 127.0.0.1 /wsgz/home/personal/documentadd.html
INFO: [ app_init ] --START--
INFO: Run Behavior\BuildLiteBehavior [ RunTime:0.000000s ]
INFO: [ app_init ] --END-- [ RunTime:0.001000s ]

[ 2016-04-01T12:28:30+08:00 ] 127.0.0.1 /wsgz/home/personal/documentadd_fun.html
INFO: [ app_init ] --START--
INFO: Run Behavior\BuildLiteBehavior [ RunTime:0.000000s ]
INFO: [ app_init ] --END-- [ RunTime:0.000000s ]

[ 2016-04-01T12:28:32+08:00 ] 127.0.0.1 /wsgz/home/personal/waterdocument.html
INFO: [ app_init ] --START--
INFO: Run Behavior\BuildLiteBehavior [ RunTime:0.000000s ]
INFO: [ app_init ] --END-- [ RunTime:0.001000s ]

[ 2016-04-01T12:28:35+08:00 ] 127.0.0.1 /wsgz/home/personal/documentadd.html
INFO: [ app_init ] --START--
INFO: Run Behavior\BuildLiteBehavior [ RunTime:0.000000s ]
INFO: [ app_init ] --END-- [ RunTime:0.001001s ]

[ 2016-04-01T12:28:52+08:00 ] 127.0.0.1 /wsgz/home/personal/documentadd_fun.html
INFO: [ app_init ] --START--
INFO: Run Behavior\BuildLiteBehavior [ RunTime:0.000000s ]
INFO: [ app_init ] --END-- [ RunTime:0.001000s ]

[ 2016-04-01T12:28:54+08:00 ] 127.0.0.1 /wsgz/home/personal/waterdocument.html
INFO: [ app_init ] --START--
INFO: Run Behavior\BuildLiteBehavior [ RunTime:0.000000s ]
INFO: [ app_init ] --END-- [ RunTime:0.001000s ]

[ 2016-04-01T12:29:02+08:00 ] 127.0.0.1 /wsgz/home/personal/waterproject.html
INFO: [ app_init ] --START--
INFO: Run Behavior\BuildLiteBehavior [ RunTime:0.000000s ]
INFO: [ app_init ] --END-- [ RunTime:0.001000s ]

[ 2016-04-01T12:29:07+08:00 ] 127.0.0.1 /wsgz/home/personal/projectadd.html
INFO: [ app_init ] --START--
INFO: Run Behavior\BuildLiteBehavior [ RunTime:0.000000s ]
INFO: [ app_init ] --END-- [ RunTime:0.001000s ]

[ 2016-04-01T12:29:33+08:00 ] 127.0.0.1 /wsgz/home/personal/projectadd_fun.html
INFO: [ app_init ] --START--
INFO: Run Behavior\BuildLiteBehavior [ RunTime:0.000000s ]
INFO: [ app_init ] --END-- [ RunTime:0.001000s ]

[ 2016-04-01T12:29:34+08:00 ] 127.0.0.1 /wsgz/home/personal/waterproject.html
INFO: [ app_init ] --START--
INFO: Run Behavior\BuildLiteBehavior [ RunTime:0.000000s ]
INFO: [ app_init ] --END-- [ RunTime:0.001000s ]

[ 2016-04-01T12:29:44+08:00 ] 127.0.0.1 /wsgz/home/personal/projectadd.html
INFO: [ app_init ] --START--
INFO: Run Behavior\BuildLiteBehavior [ RunTime:0.000000s ]
INFO: [ app_init ] --END-- [ RunTime:0.002000s ]

[ 2016-04-01T12:29:58+08:00 ] 127.0.0.1 /wsgz/home/personal/projectadd_fun.html
INFO: [ app_init ] --START--
INFO: Run Behavior\BuildLiteBehavior [ RunTime:0.000000s ]
INFO: [ app_init ] --END-- [ RunTime:0.001000s ]

[ 2016-04-01T12:29:59+08:00 ] 127.0.0.1 /wsgz/home/personal/waterproject.html
INFO: [ app_init ] --START--
INFO: Run Behavior\BuildLiteBehavior [ RunTime:0.000000s ]
INFO: [ app_init ] --END-- [ RunTime:0.001000s ]

[ 2016-04-01T12:30:01+08:00 ] 127.0.0.1 /wsgz/home/index/index.html
INFO: [ app_init ] --START--
INFO: Run Behavior\BuildLiteBehavior [ RunTime:0.001000s ]
INFO: [ app_init ] --END-- [ RunTime:0.001000s ]

[ 2016-04-01T12:30:03+08:00 ] 127.0.0.1 /wsgz/home/index/infoshow.html
INFO: [ app_init ] --START--
INFO: Run Behavior\BuildLiteBehavior [ RunTime:0.000000s ]
INFO: [ app_init ] --END-- [ RunTime:0.001000s ]

[ 2016-04-01T12:30:07+08:00 ] 127.0.0.1 /wsgz/home/index/comshow.html
INFO: [ app_init ] --START--
INFO: Run Behavior\BuildLiteBehavior [ RunTime:0.000000s ]
INFO: [ app_init ] --END-- [ RunTime:0.001000s ]

